<?xml version="1.0" encoding="UTF-8"?>
  <testsuites tests="11" disabled="2" errors="0" failures="0" time="1315.4410035">
      <testsuite name="NFD" package="/Users/guygordani/Project/git/eco-gotests-new/tests/hw-accel/nfd/features" tests="11" disabled="0" skipped="2" errors="0" failures="0" time="1315.4410035" timestamp="2025-12-30T11:00:46">
          <properties>
              <property name="SuiteSucceeded" value="true"></property>
              <property name="SuiteHasProgrammaticFocus" value="false"></property>
              <property name="SpecialSuiteFailureReason" value=""></property>
              <property name="SuiteLabels" value="[hw-accel,nfd,feature]"></property>
              <property name="SuiteSemVerConstraints" value="[]"></property>
              <property name="RandomSeed" value="1767085234"></property>
              <property name="RandomizeAllSpecs" value="false"></property>
              <property name="LabelFilter" value="NFD"></property>
              <property name="SemVerFilter" value=""></property>
              <property name="FocusStrings" value=""></property>
              <property name="SkipStrings" value=""></property>
              <property name="FocusFiles" value=""></property>
              <property name="SkipFiles" value=""></property>
              <property name="FailOnPending" value="false"></property>
              <property name="FailOnEmpty" value="false"></property>
              <property name="FailFast" value="false"></property>
              <property name="FlakeAttempts" value="0"></property>
              <property name="DryRun" value="false"></property>
              <property name="ParallelTotal" value="1"></property>
              <property name="OutputInterceptorMode" value=""></property>
          </properties>
          <testcase name="[It] NFD Node featues Check pods state [discovery-of-labels, 54548, test_id:54548]" classname="NFD" status="passed" time="47.470080375">
              <system-err>&gt; Enter [BeforeAll] NFD - /Users/guygordani/Project/git/eco-gotests-new/tests/hw-accel/nfd/features/tests/features-test.go:39 @ 12/30/25 11:00:46.91&#xA;&lt; Exit [BeforeAll] NFD - /Users/guygordani/Project/git/eco-gotests-new/tests/hw-accel/nfd/features/tests/features-test.go:39 @ 12/30/25 11:00:46.91 (0s)&#xA;&gt; Enter [BeforeAll] Node featues - /Users/guygordani/Project/git/eco-gotests-new/tests/hw-accel/nfd/features/tests/features-test.go:74 @ 12/30/25 11:00:46.91&#xA;STEP: Clear labels - /Users/guygordani/Project/git/eco-gotests-new/tests/hw-accel/nfd/features/tests/features-test.go:75 @ 12/30/25 11:00:46.91&#xA;STEP: Creating nfd - /Users/guygordani/Project/git/eco-gotests-new/tests/hw-accel/nfd/features/tests/features-test.go:79 @ 12/30/25 11:00:48.448&#xA;STEP: Check that pods are in running state - /Users/guygordani/Project/git/eco-gotests-new/tests/hw-accel/nfd/features/tests/features-test.go:379 @ 12/30/25 11:01:32.059&#xA;STEP: Check feature labels exists - /Users/guygordani/Project/git/eco-gotests-new/tests/hw-accel/nfd/features/tests/features-test.go:384 @ 12/30/25 11:01:32.875&#xA;&lt; Exit [BeforeAll] Node featues - /Users/guygordani/Project/git/eco-gotests-new/tests/hw-accel/nfd/features/tests/features-test.go:74 @ 12/30/25 11:01:33.559 (46.65s)&#xA;&gt; Enter [It] Check pods state - /Users/guygordani/Project/git/eco-gotests-new/tests/hw-accel/nfd/features/tests/features-test.go:88 @ 12/30/25 11:01:33.559&#xA;&lt; Exit [It] Check pods state - /Users/guygordani/Project/git/eco-gotests-new/tests/hw-accel/nfd/features/tests/features-test.go:88 @ 12/30/25 11:01:34.378 (819ms)&#xA;&gt; Enter [JustAfterEach] TOP-LEVEL - /Users/guygordani/Project/git/eco-gotests-new/tests/hw-accel/nfd/features/nfd_suite_test.go:33 @ 12/30/25 11:01:34.378&#xA;&lt; Exit [JustAfterEach] TOP-LEVEL - /Users/guygordani/Project/git/eco-gotests-new/tests/hw-accel/nfd/features/nfd_suite_test.go:33 @ 12/30/25 11:01:34.378 (0s)&#xA;</system-err>
          </testcase>
          <testcase name="[It] NFD Node featues Check CPU feature labels [discovery-of-labels, 54222, test_id:54222]" classname="NFD" status="passed" time="301.128445292">
              <system-err>&gt; Enter [It] Check CPU feature labels - /Users/guygordani/Project/git/eco-gotests-new/tests/hw-accel/nfd/features/tests/features-test.go:93 @ 12/30/25 11:01:34.378&#xA;STEP: Check if features exists - /Users/guygordani/Project/git/eco-gotests-new/tests/hw-accel/nfd/features/tests/features-test.go:104 @ 12/30/25 11:06:35.509&#xA;&lt; Exit [It] Check CPU feature labels - /Users/guygordani/Project/git/eco-gotests-new/tests/hw-accel/nfd/features/tests/features-test.go:93 @ 12/30/25 11:06:35.509 (5m1.128s)&#xA;&gt; Enter [JustAfterEach] TOP-LEVEL - /Users/guygordani/Project/git/eco-gotests-new/tests/hw-accel/nfd/features/nfd_suite_test.go:33 @ 12/30/25 11:06:35.509&#xA;&lt; Exit [JustAfterEach] TOP-LEVEL - /Users/guygordani/Project/git/eco-gotests-new/tests/hw-accel/nfd/features/nfd_suite_test.go:33 @ 12/30/25 11:06:35.509 (0s)&#xA;</system-err>
          </testcase>
          <testcase name="[It] NFD Node featues Check Kernel config [discovery-of-labels, 54471, test_id:54471]" classname="NFD" status="passed" time="0.281585125">
              <system-err>&gt; Enter [It] Check Kernel config - /Users/guygordani/Project/git/eco-gotests-new/tests/hw-accel/nfd/features/tests/features-test.go:113 @ 12/30/25 11:06:35.509&#xA;STEP: Check if custom label topology is exist - /Users/guygordani/Project/git/eco-gotests-new/tests/hw-accel/nfd/features/tests/features-test.go:118 @ 12/30/25 11:06:35.79&#xA;&lt; Exit [It] Check Kernel config - /Users/guygordani/Project/git/eco-gotests-new/tests/hw-accel/nfd/features/tests/features-test.go:113 @ 12/30/25 11:06:35.791 (281ms)&#xA;&gt; Enter [JustAfterEach] TOP-LEVEL - /Users/guygordani/Project/git/eco-gotests-new/tests/hw-accel/nfd/features/nfd_suite_test.go:33 @ 12/30/25 11:06:35.791&#xA;&lt; Exit [JustAfterEach] TOP-LEVEL - /Users/guygordani/Project/git/eco-gotests-new/tests/hw-accel/nfd/features/nfd_suite_test.go:33 @ 12/30/25 11:06:35.791 (0s)&#xA;</system-err>
          </testcase>
          <testcase name="[It] NFD Node featues Check topology [discovery-of-labels, 54491, test_id:54491]" classname="NFD" status="skipped" time="0.000413667">
              <skipped message="skipped - configuration issue"></skipped>
              <system-err>&gt; Enter [It] Check topology - /Users/guygordani/Project/git/eco-gotests-new/tests/hw-accel/nfd/features/tests/features-test.go:126 @ 12/30/25 11:06:35.791&#xA;[SKIPPED] configuration issue&#xA;In [It] at: /Users/guygordani/Project/git/eco-gotests-new/tests/hw-accel/nfd/features/tests/features-test.go:127 @ 12/30/25 11:06:35.791&#xA;&lt; Exit [It] Check topology - /Users/guygordani/Project/git/eco-gotests-new/tests/hw-accel/nfd/features/tests/features-test.go:126 @ 12/30/25 11:06:35.791 (0s)&#xA;&gt; Enter [JustAfterEach] TOP-LEVEL - /Users/guygordani/Project/git/eco-gotests-new/tests/hw-accel/nfd/features/nfd_suite_test.go:33 @ 12/30/25 11:06:35.791&#xA;&lt; Exit [JustAfterEach] TOP-LEVEL - /Users/guygordani/Project/git/eco-gotests-new/tests/hw-accel/nfd/features/nfd_suite_test.go:33 @ 12/30/25 11:06:35.791 (0s)&#xA;</system-err>
          </testcase>
          <testcase name="[It] NFD Node featues Check Logs [discovery-of-labels, 54549, test_id:54549]" classname="NFD" status="passed" time="2.175587042">
              <system-err>&gt; Enter [It] Check Logs - /Users/guygordani/Project/git/eco-gotests-new/tests/hw-accel/nfd/features/tests/features-test.go:139 @ 12/30/25 11:06:35.791&#xA;STEP: Check if NFD pod&#39;s log not contains in error messages - /Users/guygordani/Project/git/eco-gotests-new/tests/hw-accel/nfd/features/tests/features-test.go:145 @ 12/30/25 11:06:35.791&#xA;&lt; Exit [It] Check Logs - /Users/guygordani/Project/git/eco-gotests-new/tests/hw-accel/nfd/features/tests/features-test.go:139 @ 12/30/25 11:06:37.967 (2.175s)&#xA;&gt; Enter [JustAfterEach] TOP-LEVEL - /Users/guygordani/Project/git/eco-gotests-new/tests/hw-accel/nfd/features/nfd_suite_test.go:33 @ 12/30/25 11:06:37.967&#xA;&lt; Exit [JustAfterEach] TOP-LEVEL - /Users/guygordani/Project/git/eco-gotests-new/tests/hw-accel/nfd/features/nfd_suite_test.go:33 @ 12/30/25 11:06:37.967 (0s)&#xA;</system-err>
          </testcase>
          <testcase name="[It] NFD Node featues Check Restart Count [discovery-of-labels, 54538, test_id:54538]" classname="NFD" status="passed" time="1.1308125">
              <system-err>&gt; Enter [It] Check Restart Count - /Users/guygordani/Project/git/eco-gotests-new/tests/hw-accel/nfd/features/tests/features-test.go:168 @ 12/30/25 11:06:37.967&#xA;STEP: Check if NFD pods reset count equal to zero - /Users/guygordani/Project/git/eco-gotests-new/tests/hw-accel/nfd/features/tests/features-test.go:173 @ 12/30/25 11:06:37.967&#xA;&lt; Exit [It] Check Restart Count - /Users/guygordani/Project/git/eco-gotests-new/tests/hw-accel/nfd/features/tests/features-test.go:168 @ 12/30/25 11:06:39.098 (1.131s)&#xA;&gt; Enter [JustAfterEach] TOP-LEVEL - /Users/guygordani/Project/git/eco-gotests-new/tests/hw-accel/nfd/features/nfd_suite_test.go:33 @ 12/30/25 11:06:39.098&#xA;&lt; Exit [JustAfterEach] TOP-LEVEL - /Users/guygordani/Project/git/eco-gotests-new/tests/hw-accel/nfd/features/nfd_suite_test.go:33 @ 12/30/25 11:06:39.098 (0s)&#xA;</system-err>
          </testcase>
          <testcase name="[It] NFD Node featues Check if NUMA detected  [discovery-of-labels, 54408, test_id:54408]" classname="NFD" status="skipped" time="0.000116708">
              <skipped message="skipped - configuration issue"></skipped>
              <system-err>&gt; Enter [It] Check if NUMA detected  - /Users/guygordani/Project/git/eco-gotests-new/tests/hw-accel/nfd/features/tests/features-test.go:186 @ 12/30/25 11:06:39.098&#xA;[SKIPPED] configuration issue&#xA;In [It] at: /Users/guygordani/Project/git/eco-gotests-new/tests/hw-accel/nfd/features/tests/features-test.go:187 @ 12/30/25 11:06:39.098&#xA;&lt; Exit [It] Check if NUMA detected  - /Users/guygordani/Project/git/eco-gotests-new/tests/hw-accel/nfd/features/tests/features-test.go:186 @ 12/30/25 11:06:39.098 (0s)&#xA;&gt; Enter [JustAfterEach] TOP-LEVEL - /Users/guygordani/Project/git/eco-gotests-new/tests/hw-accel/nfd/features/nfd_suite_test.go:33 @ 12/30/25 11:06:39.098&#xA;&lt; Exit [JustAfterEach] TOP-LEVEL - /Users/guygordani/Project/git/eco-gotests-new/tests/hw-accel/nfd/features/nfd_suite_test.go:33 @ 12/30/25 11:06:39.098 (0s)&#xA;</system-err>
          </testcase>
          <testcase name="[It] NFD Node featues Verify Feature List not contains items from Blacklist  [discovery-of-labels, 68298, test_id:68298]" classname="NFD" status="passed" time="8.569651708">
              <system-err>&gt; Enter [It] Verify Feature List not contains items from Blacklist  - /Users/guygordani/Project/git/eco-gotests-new/tests/hw-accel/nfd/features/tests/features-test.go:199 @ 12/30/25 11:06:39.098&#xA;STEP: delete old instance - /Users/guygordani/Project/git/eco-gotests-new/tests/hw-accel/nfd/features/tests/features-test.go:201 @ 12/30/25 11:06:39.098&#xA;STEP: waiting for new image - /Users/guygordani/Project/git/eco-gotests-new/tests/hw-accel/nfd/features/tests/features-test.go:209 @ 12/30/25 11:06:40.839&#xA;STEP: Check if features exists - /Users/guygordani/Project/git/eco-gotests-new/tests/hw-accel/nfd/features/tests/features-test.go:230 @ 12/30/25 11:06:47.668&#xA;&lt; Exit [It] Verify Feature List not contains items from Blacklist  - /Users/guygordani/Project/git/eco-gotests-new/tests/hw-accel/nfd/features/tests/features-test.go:199 @ 12/30/25 11:06:47.668 (8.57s)&#xA;&gt; Enter [JustAfterEach] TOP-LEVEL - /Users/guygordani/Project/git/eco-gotests-new/tests/hw-accel/nfd/features/nfd_suite_test.go:33 @ 12/30/25 11:06:47.668&#xA;&lt; Exit [JustAfterEach] TOP-LEVEL - /Users/guygordani/Project/git/eco-gotests-new/tests/hw-accel/nfd/features/nfd_suite_test.go:33 @ 12/30/25 11:06:47.668 (0s)&#xA;</system-err>
          </testcase>
          <testcase name="[It] NFD Node featues Verify Feature List contains only Whitelist [discovery-of-labels, 68300, test_id:68300]" classname="NFD" status="passed" time="309.4359785">
              <system-err>&gt; Enter [It] Verify Feature List contains only Whitelist - /Users/guygordani/Project/git/eco-gotests-new/tests/hw-accel/nfd/features/tests/features-test.go:238 @ 12/30/25 11:06:47.668&#xA;STEP: delete old instance - /Users/guygordani/Project/git/eco-gotests-new/tests/hw-accel/nfd/features/tests/features-test.go:244 @ 12/30/25 11:06:47.668&#xA;STEP: waiting for new image - /Users/guygordani/Project/git/eco-gotests-new/tests/hw-accel/nfd/features/tests/features-test.go:252 @ 12/30/25 11:06:49.408&#xA;STEP: Check if features exists - /Users/guygordani/Project/git/eco-gotests-new/tests/hw-accel/nfd/features/tests/features-test.go:273 @ 12/30/25 11:11:57.106&#xA;&lt; Exit [It] Verify Feature List contains only Whitelist - /Users/guygordani/Project/git/eco-gotests-new/tests/hw-accel/nfd/features/tests/features-test.go:238 @ 12/30/25 11:11:57.106 (5m9.436s)&#xA;&gt; Enter [JustAfterEach] TOP-LEVEL - /Users/guygordani/Project/git/eco-gotests-new/tests/hw-accel/nfd/features/nfd_suite_test.go:33 @ 12/30/25 11:11:57.106&#xA;&lt; Exit [JustAfterEach] TOP-LEVEL - /Users/guygordani/Project/git/eco-gotests-new/tests/hw-accel/nfd/features/nfd_suite_test.go:33 @ 12/30/25 11:11:57.106 (0s)&#xA;</system-err>
          </testcase>
          <testcase name="[It] NFD Node featues Add day2 workers [discovery-of-labels, 54539, test_id:54539]" classname="NFD" status="passed" time="645.247434958">
              <system-err>&gt; Enter [It] Add day2 workers - /Users/guygordani/Project/git/eco-gotests-new/tests/hw-accel/nfd/features/tests/features-test.go:281 @ 12/30/25 11:11:57.107&#xA;STEP: Creating machine set - /Users/guygordani/Project/git/eco-gotests-new/tests/hw-accel/nfd/features/tests/features-test.go:291 @ 12/30/25 11:11:57.107&#xA;STEP: Create the new MachineSet - /Users/guygordani/Project/git/eco-gotests-new/tests/hw-accel/nfd/features/tests/features-test.go:296 @ 12/30/25 11:11:57.25&#xA;STEP: Wait on machineset to be ready - /Users/guygordani/Project/git/eco-gotests-new/tests/hw-accel/nfd/features/tests/features-test.go:307 @ 12/30/25 11:11:57.694&#xA;STEP: check node readiness - /Users/guygordani/Project/git/eco-gotests-new/tests/hw-accel/nfd/features/tests/features-test.go:321 @ 12/30/25 11:16:28.115&#xA;STEP: Check if features exists - /Users/guygordani/Project/git/eco-gotests-new/tests/hw-accel/nfd/features/tests/features-test.go:327 @ 12/30/25 11:16:28.95&#xA;&lt; Exit [It] Add day2 workers - /Users/guygordani/Project/git/eco-gotests-new/tests/hw-accel/nfd/features/tests/features-test.go:281 @ 12/30/25 11:21:29.941 (9m32.827s)&#xA;&gt; Enter [JustAfterEach] TOP-LEVEL - /Users/guygordani/Project/git/eco-gotests-new/tests/hw-accel/nfd/features/nfd_suite_test.go:33 @ 12/30/25 11:21:29.941&#xA;&lt; Exit [JustAfterEach] TOP-LEVEL - /Users/guygordani/Project/git/eco-gotests-new/tests/hw-accel/nfd/features/nfd_suite_test.go:33 @ 12/30/25 11:21:29.941 (0s)&#xA;&gt; Enter [AfterAll] Node featues - /Users/guygordani/Project/git/eco-gotests-new/tests/hw-accel/nfd/features/tests/features-test.go:59 @ 12/30/25 11:21:29.941&#xA;STEP: Undeploy NFD instance - /Users/guygordani/Project/git/eco-gotests-new/tests/hw-accel/nfd/features/tests/features-test.go:64 @ 12/30/25 11:21:30.514&#xA;&lt; Exit [AfterAll] Node featues - /Users/guygordani/Project/git/eco-gotests-new/tests/hw-accel/nfd/features/tests/features-test.go:59 @ 12/30/25 11:22:42.362 (1m12.42s)&#xA;</system-err>
          </testcase>
          <testcase name="[ReportAfterSuite]" classname="NFD" status="passed" time="0.002362708">
              <system-err>&gt; Enter [ReportAfterSuite] TOP-LEVEL - /Users/guygordani/Project/git/eco-gotests-new/tests/hw-accel/nfd/features/nfd_suite_test.go:28 @ 12/30/25 11:22:42.362&#xA;&lt; Exit [ReportAfterSuite] TOP-LEVEL - /Users/guygordani/Project/git/eco-gotests-new/tests/hw-accel/nfd/features/nfd_suite_test.go:28 @ 12/30/25 11:22:42.365 (2ms)&#xA;</system-err>
          </testcase>
      </testsuite>
  </testsuites>