<?xml version="1.0" encoding="UTF-8"?>
  <testsuites tests="11" disabled="9" errors="0" failures="1" time="0.007739417">
      <testsuite name="NFD" package="/Users/guygordani/Project/git/eco-gotests-new/tests/hw-accel/nfd/features" tests="11" disabled="0" skipped="9" errors="0" failures="1" time="0.007739417" timestamp="2025-12-30T12:37:53">
          <properties>
              <property name="SuiteSucceeded" value="false"></property>
              <property name="SuiteHasProgrammaticFocus" value="false"></property>
              <property name="SpecialSuiteFailureReason" value=""></property>
              <property name="SuiteLabels" value="[hw-accel,nfd,feature]"></property>
              <property name="SuiteSemVerConstraints" value="[]"></property>
              <property name="RandomSeed" value="1767091060"></property>
              <property name="RandomizeAllSpecs" value="false"></property>
              <property name="LabelFilter" value=""></property>
              <property name="SemVerFilter" value=""></property>
              <property name="FocusStrings" value=""></property>
              <property name="SkipStrings" value=""></property>
              <property name="FocusFiles" value=""></property>
              <property name="SkipFiles" value=""></property>
              <property name="FailOnPending" value="false"></property>
              <property name="FailOnEmpty" value="false"></property>
              <property name="FailFast" value="false"></property>
              <property name="FlakeAttempts" value="0"></property>
              <property name="DryRun" value="false"></property>
              <property name="ParallelTotal" value="1"></property>
              <property name="OutputInterceptorMode" value=""></property>
          </properties>
          <testcase name="[It] NFD Node featues Check pods state [discovery-of-labels, 54548, test_id:54548]" classname="NFD" status="failed" time="0.007522625">
              <failure message="error in cleaning labels&#xA; Get &#34;https://api.ci-ln-tm3l9mb-76ef8.aws-4.ci.openshift.org:6443/api/v1/nodes?labelSelector=node-role.kubernetes.io%!F(MISSING)worker%!D(MISSING)&#34;: dial tcp: lookup api.ci-ln-tm3l9mb-76ef8.aws-4.ci.openshift.org: no such host&#xA;Unexpected error:&#xA;    &lt;*url.Error | 0x140006f0540&gt;: &#xA;    Get &#34;https://api.ci-ln-tm3l9mb-76ef8.aws-4.ci.openshift.org:6443/api/v1/nodes?labelSelector=node-role.kubernetes.io%2Fworker%3D&#34;: dial tcp: lookup api.ci-ln-tm3l9mb-76ef8.aws-4.ci.openshift.org: no such host&#xA;    {&#xA;        Op: &#34;Get&#34;,&#xA;        URL: &#34;https://api.ci-ln-tm3l9mb-76ef8.aws-4.ci.openshift.org:6443/api/v1/nodes?labelSelector=node-role.kubernetes.io%2Fworker%3D&#34;,&#xA;        Err: &lt;*net.OpError | 0x140007b9400&gt;{&#xA;            Op: &#34;dial&#34;,&#xA;            Net: &#34;tcp&#34;,&#xA;            Source: nil,&#xA;            Addr: nil,&#xA;            Err: &lt;*net.DNSError | 0x140007b93b0&gt;{&#xA;                UnwrapErr: nil,&#xA;                Err: &#34;no such host&#34;,&#xA;                Name: &#34;api.ci-ln-tm3l9mb-76ef8.aws-4.ci.openshift.org&#34;,&#xA;                Server: &#34;&#34;,&#xA;                IsTimeout: false,&#xA;                IsTemporary: false,&#xA;                IsNotFound: true,&#xA;            },&#xA;        },&#xA;    }&#xA;occurred" type="failed">[FAILED] error in cleaning labels&#xA; Get &#34;https://api.ci-ln-tm3l9mb-76ef8.aws-4.ci.openshift.org:6443/api/v1/nodes?labelSelector=node-role.kubernetes.io%!F(MISSING)worker%!D(MISSING)&#34;: dial tcp: lookup api.ci-ln-tm3l9mb-76ef8.aws-4.ci.openshift.org: no such host&#xA;Unexpected error:&#xA;    &lt;*url.Error | 0x140006f0540&gt;: &#xA;    Get &#34;https://api.ci-ln-tm3l9mb-76ef8.aws-4.ci.openshift.org:6443/api/v1/nodes?labelSelector=node-role.kubernetes.io%2Fworker%3D&#34;: dial tcp: lookup api.ci-ln-tm3l9mb-76ef8.aws-4.ci.openshift.org: no such host&#xA;    {&#xA;        Op: &#34;Get&#34;,&#xA;        URL: &#34;https://api.ci-ln-tm3l9mb-76ef8.aws-4.ci.openshift.org:6443/api/v1/nodes?labelSelector=node-role.kubernetes.io%2Fworker%3D&#34;,&#xA;        Err: &lt;*net.OpError | 0x140007b9400&gt;{&#xA;            Op: &#34;dial&#34;,&#xA;            Net: &#34;tcp&#34;,&#xA;            Source: nil,&#xA;            Addr: nil,&#xA;            Err: &lt;*net.DNSError | 0x140007b93b0&gt;{&#xA;                UnwrapErr: nil,&#xA;                Err: &#34;no such host&#34;,&#xA;                Name: &#34;api.ci-ln-tm3l9mb-76ef8.aws-4.ci.openshift.org&#34;,&#xA;                Server: &#34;&#34;,&#xA;                IsTimeout: false,&#xA;                IsTemporary: false,&#xA;                IsNotFound: true,&#xA;            },&#xA;        },&#xA;    }&#xA;occurred&#xA;In [BeforeAll] at: /Users/guygordani/Project/git/eco-gotests-new/tests/hw-accel/nfd/features/tests/features-test.go:77 @ 12/30/25 12:37:53.026&#xA;&#xA;There were additional failures detected after the initial failure. These are visible in the timeline&#xA;</failure>
              <system-err>&gt; Enter [BeforeAll] NFD - /Users/guygordani/Project/git/eco-gotests-new/tests/hw-accel/nfd/features/tests/features-test.go:39 @ 12/30/25 12:37:53.023&#xA;&lt; Exit [BeforeAll] NFD - /Users/guygordani/Project/git/eco-gotests-new/tests/hw-accel/nfd/features/tests/features-test.go:39 @ 12/30/25 12:37:53.023 (0s)&#xA;&gt; Enter [BeforeAll] Node featues - /Users/guygordani/Project/git/eco-gotests-new/tests/hw-accel/nfd/features/tests/features-test.go:74 @ 12/30/25 12:37:53.023&#xA;STEP: Clear labels - /Users/guygordani/Project/git/eco-gotests-new/tests/hw-accel/nfd/features/tests/features-test.go:75 @ 12/30/25 12:37:53.024&#xA;[FAILED] error in cleaning labels&#xA; Get &#34;https://api.ci-ln-tm3l9mb-76ef8.aws-4.ci.openshift.org:6443/api/v1/nodes?labelSelector=node-role.kubernetes.io%!F(MISSING)worker%!D(MISSING)&#34;: dial tcp: lookup api.ci-ln-tm3l9mb-76ef8.aws-4.ci.openshift.org: no such host&#xA;Unexpected error:&#xA;    &lt;*url.Error | 0x140006f0540&gt;: &#xA;    Get &#34;https://api.ci-ln-tm3l9mb-76ef8.aws-4.ci.openshift.org:6443/api/v1/nodes?labelSelector=node-role.kubernetes.io%2Fworker%3D&#34;: dial tcp: lookup api.ci-ln-tm3l9mb-76ef8.aws-4.ci.openshift.org: no such host&#xA;    {&#xA;        Op: &#34;Get&#34;,&#xA;        URL: &#34;https://api.ci-ln-tm3l9mb-76ef8.aws-4.ci.openshift.org:6443/api/v1/nodes?labelSelector=node-role.kubernetes.io%2Fworker%3D&#34;,&#xA;        Err: &lt;*net.OpError | 0x140007b9400&gt;{&#xA;            Op: &#34;dial&#34;,&#xA;            Net: &#34;tcp&#34;,&#xA;            Source: nil,&#xA;            Addr: nil,&#xA;            Err: &lt;*net.DNSError | 0x140007b93b0&gt;{&#xA;                UnwrapErr: nil,&#xA;                Err: &#34;no such host&#34;,&#xA;                Name: &#34;api.ci-ln-tm3l9mb-76ef8.aws-4.ci.openshift.org&#34;,&#xA;                Server: &#34;&#34;,&#xA;                IsTimeout: false,&#xA;                IsTemporary: false,&#xA;                IsNotFound: true,&#xA;            },&#xA;        },&#xA;    }&#xA;occurred&#xA;In [BeforeAll] at: /Users/guygordani/Project/git/eco-gotests-new/tests/hw-accel/nfd/features/tests/features-test.go:77 @ 12/30/25 12:37:53.026&#xA;&lt; Exit [BeforeAll] Node featues - /Users/guygordani/Project/git/eco-gotests-new/tests/hw-accel/nfd/features/tests/features-test.go:74 @ 12/30/25 12:37:53.026 (2ms)&#xA;&gt; Enter [JustAfterEach] TOP-LEVEL - /Users/guygordani/Project/git/eco-gotests-new/tests/hw-accel/nfd/features/nfd_suite_test.go:33 @ 12/30/25 12:37:53.026&#xA;&lt; Exit [JustAfterEach] TOP-LEVEL - /Users/guygordani/Project/git/eco-gotests-new/tests/hw-accel/nfd/features/nfd_suite_test.go:33 @ 12/30/25 12:37:53.03 (5ms)&#xA;&gt; Enter [AfterAll] Node featues - /Users/guygordani/Project/git/eco-gotests-new/tests/hw-accel/nfd/features/tests/features-test.go:59 @ 12/30/25 12:37:53.03&#xA;[PANICKED] Test Panicked&#xA;In [AfterAll] at: /opt/homebrew/Cellar/go/1.25.5/libexec/src/runtime/panic.go:262 @ 12/30/25 12:37:53.031&#xA;&#xA;runtime error: invalid memory address or nil pointer dereference&#xA;&#xA;Full Stack Trace&#xA;  github.com/rh-ecosystem-edge/eco-gotests/tests/hw-accel/internal/deploy.(*NFDCRUtils).DeleteNFDCR(0x140009e2e10)&#xA;  &#x9;/Users/guygordani/Project/git/eco-gotests-new/tests/hw-accel/internal/deploy/nfd-cr-utils.go:94 +0x114&#xA;  github.com/rh-ecosystem-edge/eco-gotests/tests/hw-accel/nfd/features/tests.init.func1.2.1()&#xA;  &#x9;/Users/guygordani/Project/git/eco-gotests-new/tests/hw-accel/nfd/features/tests/features-test.go:61 +0x2c&#xA;&lt; Exit [AfterAll] Node featues - /Users/guygordani/Project/git/eco-gotests-new/tests/hw-accel/nfd/features/tests/features-test.go:59 @ 12/30/25 12:37:53.031 (1ms)&#xA;</system-err>
          </testcase>
          <testcase name="[It] NFD Node featues Check CPU feature labels [discovery-of-labels, 54222, test_id:54222]" classname="NFD" status="skipped" time="0">
              <skipped message="skipped - Spec skipped because an earlier spec in an ordered container failed"></skipped>
              <system-err>[SKIPPED] Spec skipped because an earlier spec in an ordered container failed&#xA;In [It] at: /Users/guygordani/Project/git/eco-gotests-new/tests/hw-accel/nfd/features/tests/features-test.go:93 @ 12/30/25 12:37:53.031&#xA;</system-err>
          </testcase>
          <testcase name="[It] NFD Node featues Check Kernel config [discovery-of-labels, 54471, test_id:54471]" classname="NFD" status="skipped" time="0">
              <skipped message="skipped - Spec skipped because an earlier spec in an ordered container failed"></skipped>
              <system-err>[SKIPPED] Spec skipped because an earlier spec in an ordered container failed&#xA;In [It] at: /Users/guygordani/Project/git/eco-gotests-new/tests/hw-accel/nfd/features/tests/features-test.go:113 @ 12/30/25 12:37:53.031&#xA;</system-err>
          </testcase>
          <testcase name="[It] NFD Node featues Check topology [discovery-of-labels, 54491, test_id:54491]" classname="NFD" status="skipped" time="0">
              <skipped message="skipped - Spec skipped because an earlier spec in an ordered container failed"></skipped>
              <system-err>[SKIPPED] Spec skipped because an earlier spec in an ordered container failed&#xA;In [It] at: /Users/guygordani/Project/git/eco-gotests-new/tests/hw-accel/nfd/features/tests/features-test.go:126 @ 12/30/25 12:37:53.031&#xA;</system-err>
          </testcase>
          <testcase name="[It] NFD Node featues Check Logs [discovery-of-labels, 54549, test_id:54549]" classname="NFD" status="skipped" time="0">
              <skipped message="skipped - Spec skipped because an earlier spec in an ordered container failed"></skipped>
              <system-err>[SKIPPED] Spec skipped because an earlier spec in an ordered container failed&#xA;In [It] at: /Users/guygordani/Project/git/eco-gotests-new/tests/hw-accel/nfd/features/tests/features-test.go:139 @ 12/30/25 12:37:53.031&#xA;</system-err>
          </testcase>
          <testcase name="[It] NFD Node featues Check Restart Count [discovery-of-labels, 54538, test_id:54538]" classname="NFD" status="skipped" time="0">
              <skipped message="skipped - Spec skipped because an earlier spec in an ordered container failed"></skipped>
              <system-err>[SKIPPED] Spec skipped because an earlier spec in an ordered container failed&#xA;In [It] at: /Users/guygordani/Project/git/eco-gotests-new/tests/hw-accel/nfd/features/tests/features-test.go:168 @ 12/30/25 12:37:53.031&#xA;</system-err>
          </testcase>
          <testcase name="[It] NFD Node featues Check if NUMA detected  [discovery-of-labels, 54408, test_id:54408]" classname="NFD" status="skipped" time="0">
              <skipped message="skipped - Spec skipped because an earlier spec in an ordered container failed"></skipped>
              <system-err>[SKIPPED] Spec skipped because an earlier spec in an ordered container failed&#xA;In [It] at: /Users/guygordani/Project/git/eco-gotests-new/tests/hw-accel/nfd/features/tests/features-test.go:186 @ 12/30/25 12:37:53.031&#xA;</system-err>
          </testcase>
          <testcase name="[It] NFD Node featues Verify Feature List not contains items from Blacklist  [discovery-of-labels, 68298, test_id:68298]" classname="NFD" status="skipped" time="0">
              <skipped message="skipped - Spec skipped because an earlier spec in an ordered container failed"></skipped>
              <system-err>[SKIPPED] Spec skipped because an earlier spec in an ordered container failed&#xA;In [It] at: /Users/guygordani/Project/git/eco-gotests-new/tests/hw-accel/nfd/features/tests/features-test.go:199 @ 12/30/25 12:37:53.031&#xA;</system-err>
          </testcase>
          <testcase name="[It] NFD Node featues Verify Feature List contains only Whitelist [discovery-of-labels, 68300, test_id:68300]" classname="NFD" status="skipped" time="0">
              <skipped message="skipped - Spec skipped because an earlier spec in an ordered container failed"></skipped>
              <system-err>[SKIPPED] Spec skipped because an earlier spec in an ordered container failed&#xA;In [It] at: /Users/guygordani/Project/git/eco-gotests-new/tests/hw-accel/nfd/features/tests/features-test.go:238 @ 12/30/25 12:37:53.031&#xA;</system-err>
          </testcase>
          <testcase name="[It] NFD Node featues Add day2 workers [discovery-of-labels, 54539, test_id:54539]" classname="NFD" status="skipped" time="0">
              <skipped message="skipped - Spec skipped because an earlier spec in an ordered container failed"></skipped>
              <system-err>[SKIPPED] Spec skipped because an earlier spec in an ordered container failed&#xA;In [It] at: /Users/guygordani/Project/git/eco-gotests-new/tests/hw-accel/nfd/features/tests/features-test.go:281 @ 12/30/25 12:37:53.031&#xA;</system-err>
          </testcase>
          <testcase name="[ReportAfterSuite]" classname="NFD" status="passed" time="0.00079225">
              <system-err>&gt; Enter [ReportAfterSuite] TOP-LEVEL - /Users/guygordani/Project/git/eco-gotests-new/tests/hw-accel/nfd/features/nfd_suite_test.go:28 @ 12/30/25 12:37:53.031&#xA;&lt; Exit [ReportAfterSuite] TOP-LEVEL - /Users/guygordani/Project/git/eco-gotests-new/tests/hw-accel/nfd/features/nfd_suite_test.go:28 @ 12/30/25 12:37:53.032 (1ms)&#xA;</system-err>
          </testcase>
      </testsuite>
  </testsuites>