<?xml version="1.0" encoding="UTF-8"?>
  <testsuites tests="2" disabled="0" errors="0" failures="1" time="0.147693583">
      <testsuite name="2upgrade" package="/Users/guygordani/Project/git/eco-gotests-new/tests/hw-accel/nfd/2upgrade" tests="2" disabled="0" skipped="0" errors="0" failures="1" time="0.147693583" timestamp="2025-12-30T12:37:49">
          <properties>
              <property name="SuiteSucceeded" value="false"></property>
              <property name="SuiteHasProgrammaticFocus" value="false"></property>
              <property name="SpecialSuiteFailureReason" value=""></property>
              <property name="SuiteLabels" value="[hw-accel,nfd_upgrade]"></property>
              <property name="SuiteSemVerConstraints" value="[]"></property>
              <property name="RandomSeed" value="1767091060"></property>
              <property name="RandomizeAllSpecs" value="false"></property>
              <property name="LabelFilter" value=""></property>
              <property name="SemVerFilter" value=""></property>
              <property name="FocusStrings" value=""></property>
              <property name="SkipStrings" value=""></property>
              <property name="FocusFiles" value=""></property>
              <property name="SkipFiles" value=""></property>
              <property name="FailOnPending" value="false"></property>
              <property name="FailOnEmpty" value="false"></property>
              <property name="FailFast" value="false"></property>
              <property name="FlakeAttempts" value="0"></property>
              <property name="DryRun" value="false"></property>
              <property name="ParallelTotal" value="1"></property>
              <property name="OutputInterceptorMode" value=""></property>
          </properties>
          <testcase name="[It] NFD Operator should upgrade successfully [nfd_upgrade, 2upgrade, 54540, test_id:54540]" classname="2upgrade" status="failed" time="0.147557333">
              <failure message="error installing NFD operator: failed to create namespace: failed to get namespace openshift-nfd status: Get &#34;https://api.ci-ln-tm3l9mb-76ef8.aws-4.ci.openshift.org:6443/api/v1/namespaces/openshift-nfd&#34;: dial tcp: lookup api.ci-ln-tm3l9mb-76ef8.aws-4.ci.openshift.org: no such host&#xA;Unexpected error:&#xA;    &lt;*fmt.wrapError | 0x14000c06880&gt;: &#xA;    failed to create namespace: failed to get namespace openshift-nfd status: Get &#34;https://api.ci-ln-tm3l9mb-76ef8.aws-4.ci.openshift.org:6443/api/v1/namespaces/openshift-nfd&#34;: dial tcp: lookup api.ci-ln-tm3l9mb-76ef8.aws-4.ci.openshift.org: no such host&#xA;    {&#xA;        msg: &#34;failed to create namespace: failed to get namespace openshift-nfd status: Get \&#34;https://api.ci-ln-tm3l9mb-76ef8.aws-4.ci.openshift.org:6443/api/v1/namespaces/openshift-nfd\&#34;: dial tcp: lookup api.ci-ln-tm3l9mb-76ef8.aws-4.ci.openshift.org: no such host&#34;,&#xA;        err: &lt;*fmt.wrapError | 0x14000c06860&gt;{&#xA;            msg: &#34;failed to get namespace openshift-nfd status: Get \&#34;https://api.ci-ln-tm3l9mb-76ef8.aws-4.ci.openshift.org:6443/api/v1/namespaces/openshift-nfd\&#34;: dial tcp: lookup api.ci-ln-tm3l9mb-76ef8.aws-4.ci.openshift.org: no such host&#34;,&#xA;            err: &lt;*url.Error | 0x14000a02db0&gt;{&#xA;                Op: &#34;Get&#34;,&#xA;                URL: &#34;https://api.ci-ln-tm3l9mb-76ef8.aws-4.ci.openshift.org:6443/api/v1/namespaces/openshift-nfd&#34;,&#xA;                Err: &lt;*net.OpError | 0x140007f2e60&gt;{&#xA;                    Op: &#34;dial&#34;,&#xA;                    Net: &#34;tcp&#34;,&#xA;                    Source: nil,&#xA;                    Addr: nil,&#xA;                    Err: &lt;*net.DNSError | 0x140007f2e10&gt;{&#xA;                        UnwrapErr: nil,&#xA;                        Err: &#34;no such host&#34;,&#xA;                        Name: &#34;api.ci-ln-tm3l9mb-76ef8.aws-4.ci.openshift.org&#34;,&#xA;                        Server: &#34;&#34;,&#xA;                        IsTimeout: false,&#xA;                        IsTemporary: false,&#xA;                        IsNotFound: true,&#xA;                    },&#xA;                },&#xA;            },&#xA;        },&#xA;    }&#xA;occurred" type="failed">[FAILED] error installing NFD operator: failed to create namespace: failed to get namespace openshift-nfd status: Get &#34;https://api.ci-ln-tm3l9mb-76ef8.aws-4.ci.openshift.org:6443/api/v1/namespaces/openshift-nfd&#34;: dial tcp: lookup api.ci-ln-tm3l9mb-76ef8.aws-4.ci.openshift.org: no such host&#xA;Unexpected error:&#xA;    &lt;*fmt.wrapError | 0x14000c06880&gt;: &#xA;    failed to create namespace: failed to get namespace openshift-nfd status: Get &#34;https://api.ci-ln-tm3l9mb-76ef8.aws-4.ci.openshift.org:6443/api/v1/namespaces/openshift-nfd&#34;: dial tcp: lookup api.ci-ln-tm3l9mb-76ef8.aws-4.ci.openshift.org: no such host&#xA;    {&#xA;        msg: &#34;failed to create namespace: failed to get namespace openshift-nfd status: Get \&#34;https://api.ci-ln-tm3l9mb-76ef8.aws-4.ci.openshift.org:6443/api/v1/namespaces/openshift-nfd\&#34;: dial tcp: lookup api.ci-ln-tm3l9mb-76ef8.aws-4.ci.openshift.org: no such host&#34;,&#xA;        err: &lt;*fmt.wrapError | 0x14000c06860&gt;{&#xA;            msg: &#34;failed to get namespace openshift-nfd status: Get \&#34;https://api.ci-ln-tm3l9mb-76ef8.aws-4.ci.openshift.org:6443/api/v1/namespaces/openshift-nfd\&#34;: dial tcp: lookup api.ci-ln-tm3l9mb-76ef8.aws-4.ci.openshift.org: no such host&#34;,&#xA;            err: &lt;*url.Error | 0x14000a02db0&gt;{&#xA;                Op: &#34;Get&#34;,&#xA;                URL: &#34;https://api.ci-ln-tm3l9mb-76ef8.aws-4.ci.openshift.org:6443/api/v1/namespaces/openshift-nfd&#34;,&#xA;                Err: &lt;*net.OpError | 0x140007f2e60&gt;{&#xA;                    Op: &#34;dial&#34;,&#xA;                    Net: &#34;tcp&#34;,&#xA;                    Source: nil,&#xA;                    Addr: nil,&#xA;                    Err: &lt;*net.DNSError | 0x140007f2e10&gt;{&#xA;                        UnwrapErr: nil,&#xA;                        Err: &#34;no such host&#34;,&#xA;                        Name: &#34;api.ci-ln-tm3l9mb-76ef8.aws-4.ci.openshift.org&#34;,&#xA;                        Server: &#34;&#34;,&#xA;                        IsTimeout: false,&#xA;                        IsTemporary: false,&#xA;                        IsNotFound: true,&#xA;                    },&#xA;                },&#xA;            },&#xA;        },&#xA;    }&#xA;occurred&#xA;In [BeforeAll] at: /Users/guygordani/Project/git/eco-gotests-new/tests/hw-accel/nfd/2upgrade/tests/upgrade-test.go:47 @ 12/30/25 12:37:50.113&#xA;&#xA;There were additional failures detected after the initial failure. These are visible in the timeline&#xA;</failure>
              <system-err>&gt; Enter [BeforeAll] Operator - /Users/guygordani/Project/git/eco-gotests-new/tests/hw-accel/nfd/2upgrade/tests/upgrade-test.go:29 @ 12/30/25 12:37:49.975&#xA;STEP: Installing NFD operator - /Users/guygordani/Project/git/eco-gotests-new/tests/hw-accel/nfd/2upgrade/tests/upgrade-test.go:45 @ 12/30/25 12:37:49.975&#xA;[FAILED] error installing NFD operator: failed to create namespace: failed to get namespace openshift-nfd status: Get &#34;https://api.ci-ln-tm3l9mb-76ef8.aws-4.ci.openshift.org:6443/api/v1/namespaces/openshift-nfd&#34;: dial tcp: lookup api.ci-ln-tm3l9mb-76ef8.aws-4.ci.openshift.org: no such host&#xA;Unexpected error:&#xA;    &lt;*fmt.wrapError | 0x14000c06880&gt;: &#xA;    failed to create namespace: failed to get namespace openshift-nfd status: Get &#34;https://api.ci-ln-tm3l9mb-76ef8.aws-4.ci.openshift.org:6443/api/v1/namespaces/openshift-nfd&#34;: dial tcp: lookup api.ci-ln-tm3l9mb-76ef8.aws-4.ci.openshift.org: no such host&#xA;    {&#xA;        msg: &#34;failed to create namespace: failed to get namespace openshift-nfd status: Get \&#34;https://api.ci-ln-tm3l9mb-76ef8.aws-4.ci.openshift.org:6443/api/v1/namespaces/openshift-nfd\&#34;: dial tcp: lookup api.ci-ln-tm3l9mb-76ef8.aws-4.ci.openshift.org: no such host&#34;,&#xA;        err: &lt;*fmt.wrapError | 0x14000c06860&gt;{&#xA;            msg: &#34;failed to get namespace openshift-nfd status: Get \&#34;https://api.ci-ln-tm3l9mb-76ef8.aws-4.ci.openshift.org:6443/api/v1/namespaces/openshift-nfd\&#34;: dial tcp: lookup api.ci-ln-tm3l9mb-76ef8.aws-4.ci.openshift.org: no such host&#34;,&#xA;            err: &lt;*url.Error | 0x14000a02db0&gt;{&#xA;                Op: &#34;Get&#34;,&#xA;                URL: &#34;https://api.ci-ln-tm3l9mb-76ef8.aws-4.ci.openshift.org:6443/api/v1/namespaces/openshift-nfd&#34;,&#xA;                Err: &lt;*net.OpError | 0x140007f2e60&gt;{&#xA;                    Op: &#34;dial&#34;,&#xA;                    Net: &#34;tcp&#34;,&#xA;                    Source: nil,&#xA;                    Addr: nil,&#xA;                    Err: &lt;*net.DNSError | 0x140007f2e10&gt;{&#xA;                        UnwrapErr: nil,&#xA;                        Err: &#34;no such host&#34;,&#xA;                        Name: &#34;api.ci-ln-tm3l9mb-76ef8.aws-4.ci.openshift.org&#34;,&#xA;                        Server: &#34;&#34;,&#xA;                        IsTimeout: false,&#xA;                        IsTemporary: false,&#xA;                        IsNotFound: true,&#xA;                    },&#xA;                },&#xA;            },&#xA;        },&#xA;    }&#xA;occurred&#xA;In [BeforeAll] at: /Users/guygordani/Project/git/eco-gotests-new/tests/hw-accel/nfd/2upgrade/tests/upgrade-test.go:47 @ 12/30/25 12:37:50.113&#xA;&lt; Exit [BeforeAll] Operator - /Users/guygordani/Project/git/eco-gotests-new/tests/hw-accel/nfd/2upgrade/tests/upgrade-test.go:29 @ 12/30/25 12:37:50.113 (138ms)&#xA;&gt; Enter [JustAfterEach] TOP-LEVEL - /Users/guygordani/Project/git/eco-gotests-new/tests/hw-accel/nfd/2upgrade/upgrade_suite_test.go:32 @ 12/30/25 12:37:50.113&#xA;&lt; Exit [JustAfterEach] TOP-LEVEL - /Users/guygordani/Project/git/eco-gotests-new/tests/hw-accel/nfd/2upgrade/upgrade_suite_test.go:32 @ 12/30/25 12:37:50.122 (9ms)&#xA;&gt; Enter [AfterAll] Operator - /Users/guygordani/Project/git/eco-gotests-new/tests/hw-accel/nfd/2upgrade/tests/upgrade-test.go:67 @ 12/30/25 12:37:50.122&#xA;STEP: Deleting NFD CR - /Users/guygordani/Project/git/eco-gotests-new/tests/hw-accel/nfd/2upgrade/tests/upgrade-test.go:68 @ 12/30/25 12:37:50.122&#xA;[PANICKED] Test Panicked&#xA;In [AfterAll] at: /opt/homebrew/Cellar/go/1.25.5/libexec/src/runtime/panic.go:262 @ 12/30/25 12:37:50.122&#xA;&#xA;runtime error: invalid memory address or nil pointer dereference&#xA;&#xA;Full Stack Trace&#xA;  github.com/rh-ecosystem-edge/eco-gotests/tests/hw-accel/internal/deploy.(*NFDCRUtils).DeleteNFDCR(0x14000a02270)&#xA;  &#x9;/Users/guygordani/Project/git/eco-gotests-new/tests/hw-accel/internal/deploy/nfd-cr-utils.go:94 +0x114&#xA;  github.com/rh-ecosystem-edge/eco-gotests/tests/hw-accel/nfd/2upgrade/tests.init.func1.1.2()&#xA;  &#x9;/Users/guygordani/Project/git/eco-gotests-new/tests/hw-accel/nfd/2upgrade/tests/upgrade-test.go:69 +0x50&#xA;&lt; Exit [AfterAll] Operator - /Users/guygordani/Project/git/eco-gotests-new/tests/hw-accel/nfd/2upgrade/tests/upgrade-test.go:67 @ 12/30/25 12:37:50.122 (1ms)&#xA;</system-err>
          </testcase>
          <testcase name="[ReportAfterSuite] 2upgrade" classname="2upgrade" status="passed" time="0.000570084">
              <system-err>&gt; Enter [ReportAfterSuite] TOP-LEVEL - /Users/guygordani/Project/git/eco-gotests-new/tests/hw-accel/nfd/2upgrade/upgrade_suite_test.go:27 @ 12/30/25 12:37:50.122&#xA;&lt; Exit [ReportAfterSuite] TOP-LEVEL - /Users/guygordani/Project/git/eco-gotests-new/tests/hw-accel/nfd/2upgrade/upgrade_suite_test.go:27 @ 12/30/25 12:37:50.123 (1ms)&#xA;</system-err>
          </testcase>
      </testsuite>
  </testsuites>