<?xml version="1.0" encoding="UTF-8"?>
  <testsuites tests="13" disabled="0" errors="0" failures="0" time="2160.729796513">
      <testsuite name="OCP SR-IOV Suite" package="/root/eco-gotests/tests/ocp/sriov" tests="13" disabled="0" skipped="0" errors="0" failures="0" time="2160.729796513" timestamp="2025-11-20T16:35:53">
          <properties>
              <property name="SuiteSucceeded" value="true"></property>
              <property name="SuiteHasProgrammaticFocus" value="false"></property>
              <property name="SpecialSuiteFailureReason" value=""></property>
              <property name="SuiteLabels" value="[ocpsriov,basic]"></property>
              <property name="RandomSeed" value="1763674553"></property>
              <property name="RandomizeAllSpecs" value="false"></property>
              <property name="LabelFilter" value="ocpsriov &amp;&amp; basic"></property>
              <property name="FocusStrings" value=""></property>
              <property name="SkipStrings" value=""></property>
              <property name="FocusFiles" value=""></property>
              <property name="SkipFiles" value=""></property>
              <property name="FailOnPending" value="false"></property>
              <property name="FailOnEmpty" value="false"></property>
              <property name="FailFast" value="false"></property>
              <property name="FlakeAttempts" value="0"></property>
              <property name="DryRun" value="false"></property>
              <property name="ParallelTotal" value="1"></property>
              <property name="OutputInterceptorMode" value=""></property>
          </properties>
          <testcase name="[BeforeSuite]" classname="OCP SR-IOV Suite" status="passed" time="0.030021132">
              <system-err>&gt; Enter [BeforeSuite] TOP-LEVEL - /root/eco-gotests/tests/ocp/sriov/sriov_suite_test.go:34 @ 11/20/25 16:35:53.875&#xA;STEP: Cleaning up leftover resources from previous test runs - /root/eco-gotests/tests/ocp/sriov/sriov_suite_test.go:35 @ 11/20/25 16:35:53.875&#xA;STEP: Creating test namespace with privileged labels - /root/eco-gotests/tests/ocp/sriov/sriov_suite_test.go:39 @ 11/20/25 16:35:53.893&#xA;STEP: Verifying if sriov tests can be executed on given cluster - /root/eco-gotests/tests/ocp/sriov/sriov_suite_test.go:47 @ 11/20/25 16:35:53.894&#xA;STEP: Pulling test images on cluster before running test cases - /root/eco-gotests/tests/ocp/sriov/sriov_suite_test.go:51 @ 11/20/25 16:35:53.905&#xA;&lt; Exit [BeforeSuite] TOP-LEVEL - /root/eco-gotests/tests/ocp/sriov/sriov_suite_test.go:34 @ 11/20/25 16:35:53.905 (30ms)&#xA;</system-err>
          </testcase>
          <testcase name="[It] SR-IOV Basic Tests SR-IOV VF with spoof checking enabled [ocpsriov, basic, 25959, test_id:25959]" classname="OCP SR-IOV Suite" status="passed" time="221.242775921">
              <system-err>&gt; Enter [BeforeAll] SR-IOV Basic Tests - /root/eco-gotests/tests/ocp/sriov/tests/basic.go:40 @ 11/20/25 16:35:53.905&#xA;STEP: Checking the SR-IOV operator is running - /root/eco-gotests/tests/ocp/sriov/tests/basic.go:41 @ 11/20/25 16:35:53.905&#xA;STEP: Discovering worker nodes - /root/eco-gotests/tests/ocp/sriov/tests/basic.go:47 @ 11/20/25 16:35:54.298&#xA;&lt; Exit [BeforeAll] SR-IOV Basic Tests - /root/eco-gotests/tests/ocp/sriov/tests/basic.go:40 @ 11/20/25 16:35:54.301 (396ms)&#xA;&gt; Enter [It] SR-IOV VF with spoof checking enabled - /root/eco-gotests/tests/ocp/sriov/tests/basic.go:81 @ 11/20/25 16:35:54.301&#xA;STEP: Testing device: e810xxv231 (DeviceID: 159b, Interface: eno12399) - /root/eco-gotests/tests/ocp/sriov/tests/basic.go:87 @ 11/20/25 16:35:54.301&#xA;STEP: Creating test namespace &#34;e2e-25959-e810xxv231&#34; - /root/eco-gotests/tests/ocp/sriov/tests/basic.go:103 @ 11/20/25 16:36:24.347&#xA;STEP: Creating SR-IOV network to generate net-attach-def on the target namespace - /root/eco-gotests/tests/ocp/sriov/tests/basic.go:123 @ 11/20/25 16:36:24.355&#xA;STEP: Verifying VF status with pass traffic - /root/eco-gotests/tests/ocp/sriov/tests/basic.go:142 @ 11/20/25 16:36:27.378&#xA;STEP: Testing device: cx5ex231 (DeviceID: 1019, Interface: ens6f0np0) - /root/eco-gotests/tests/ocp/sriov/tests/basic.go:87 @ 11/20/25 16:37:39.696&#xA;STEP: Creating test namespace &#34;e2e-25959-cx5ex231&#34; - /root/eco-gotests/tests/ocp/sriov/tests/basic.go:103 @ 11/20/25 16:38:09.739&#xA;STEP: Creating SR-IOV network to generate net-attach-def on the target namespace - /root/eco-gotests/tests/ocp/sriov/tests/basic.go:123 @ 11/20/25 16:38:09.755&#xA;STEP: Verifying VF status with pass traffic - /root/eco-gotests/tests/ocp/sriov/tests/basic.go:142 @ 11/20/25 16:38:12.776&#xA;&lt; Exit [It] SR-IOV VF with spoof checking enabled - /root/eco-gotests/tests/ocp/sriov/tests/basic.go:81 @ 11/20/25 16:39:19.105 (3m24.805s)&#xA;&gt; Enter [JustAfterEach] TOP-LEVEL - /root/eco-gotests/tests/ocp/sriov/sriov_suite_test.go:66 @ 11/20/25 16:39:19.105&#xA;&lt; Exit [JustAfterEach] TOP-LEVEL - /root/eco-gotests/tests/ocp/sriov/sriov_suite_test.go:66 @ 11/20/25 16:39:19.105 (0s)&#xA;&gt; Enter [DeferCleanup (Each)] SR-IOV Basic Tests - /root/eco-gotests/tests/ocp/sriov/tests/basic.go:136 @ 11/20/25 16:39:19.105&#xA;STEP: Cleaning up SR-IOV network &#34;25959-cx5ex231&#34; - /root/eco-gotests/tests/ocp/sriov/tests/basic.go:137 @ 11/20/25 16:39:19.105&#xA;&lt; Exit [DeferCleanup (Each)] SR-IOV Basic Tests - /root/eco-gotests/tests/ocp/sriov/tests/basic.go:136 @ 11/20/25 16:39:21.119 (2.014s)&#xA;&gt; Enter [DeferCleanup (Each)] SR-IOV Basic Tests - /root/eco-gotests/tests/ocp/sriov/tests/basic.go:117 @ 11/20/25 16:39:21.119&#xA;STEP: Cleaning up namespace &#34;e2e-25959-cx5ex231&#34; - /root/eco-gotests/tests/ocp/sriov/tests/basic.go:118 @ 11/20/25 16:39:21.119&#xA;&lt; Exit [DeferCleanup (Each)] SR-IOV Basic Tests - /root/eco-gotests/tests/ocp/sriov/tests/basic.go:117 @ 11/20/25 16:39:27.127 (6.008s)&#xA;&gt; Enter [DeferCleanup (Each)] SR-IOV Basic Tests - /root/eco-gotests/tests/ocp/sriov/tests/basic.go:136 @ 11/20/25 16:39:27.127&#xA;STEP: Cleaning up SR-IOV network &#34;25959-e810xxv231&#34; - /root/eco-gotests/tests/ocp/sriov/tests/basic.go:137 @ 11/20/25 16:39:27.127&#xA;&lt; Exit [DeferCleanup (Each)] SR-IOV Basic Tests - /root/eco-gotests/tests/ocp/sriov/tests/basic.go:136 @ 11/20/25 16:39:29.14 (2.013s)&#xA;&gt; Enter [DeferCleanup (Each)] SR-IOV Basic Tests - /root/eco-gotests/tests/ocp/sriov/tests/basic.go:117 @ 11/20/25 16:39:29.14&#xA;STEP: Cleaning up namespace &#34;e2e-25959-e810xxv231&#34; - /root/eco-gotests/tests/ocp/sriov/tests/basic.go:118 @ 11/20/25 16:39:29.14&#xA;&lt; Exit [DeferCleanup (Each)] SR-IOV Basic Tests - /root/eco-gotests/tests/ocp/sriov/tests/basic.go:117 @ 11/20/25 16:39:35.148 (6.007s)&#xA;</system-err>
          </testcase>
          <testcase name="[It] SR-IOV Basic Tests SR-IOV VF with spoof checking disabled [ocpsriov, basic, 70820, test_id:70820]" classname="OCP SR-IOV Suite" status="passed" time="220.865390446">
              <system-err>&gt; Enter [It] SR-IOV VF with spoof checking disabled - /root/eco-gotests/tests/ocp/sriov/tests/basic.go:157 @ 11/20/25 16:39:35.148&#xA;STEP: Testing device: e810xxv231 (DeviceID: 159b, Interface: eno12399) - /root/eco-gotests/tests/ocp/sriov/tests/basic.go:163 @ 11/20/25 16:39:35.148&#xA;STEP: Creating test namespace &#34;e2e-70820-e810xxv231&#34; - /root/eco-gotests/tests/ocp/sriov/tests/basic.go:178 @ 11/20/25 16:40:05.213&#xA;STEP: Creating SR-IOV network with spoof checking disabled - /root/eco-gotests/tests/ocp/sriov/tests/basic.go:196 @ 11/20/25 16:40:05.224&#xA;STEP: Verifying VF status with pass traffic - /root/eco-gotests/tests/ocp/sriov/tests/basic.go:215 @ 11/20/25 16:40:08.247&#xA;STEP: Testing device: cx5ex231 (DeviceID: 1019, Interface: ens6f0np0) - /root/eco-gotests/tests/ocp/sriov/tests/basic.go:163 @ 11/20/25 16:41:20.56&#xA;STEP: Creating test namespace &#34;e2e-70820-cx5ex231&#34; - /root/eco-gotests/tests/ocp/sriov/tests/basic.go:178 @ 11/20/25 16:41:50.608&#xA;STEP: Creating SR-IOV network with spoof checking disabled - /root/eco-gotests/tests/ocp/sriov/tests/basic.go:196 @ 11/20/25 16:41:50.615&#xA;STEP: Verifying VF status with pass traffic - /root/eco-gotests/tests/ocp/sriov/tests/basic.go:215 @ 11/20/25 16:41:53.643&#xA;&lt; Exit [It] SR-IOV VF with spoof checking disabled - /root/eco-gotests/tests/ocp/sriov/tests/basic.go:157 @ 11/20/25 16:42:59.969 (3m24.822s)&#xA;&gt; Enter [JustAfterEach] TOP-LEVEL - /root/eco-gotests/tests/ocp/sriov/sriov_suite_test.go:66 @ 11/20/25 16:42:59.969&#xA;&lt; Exit [JustAfterEach] TOP-LEVEL - /root/eco-gotests/tests/ocp/sriov/sriov_suite_test.go:66 @ 11/20/25 16:42:59.969 (0s)&#xA;&gt; Enter [DeferCleanup (Each)] SR-IOV Basic Tests - /root/eco-gotests/tests/ocp/sriov/tests/basic.go:209 @ 11/20/25 16:42:59.969&#xA;STEP: Cleaning up SR-IOV network &#34;70820-cx5ex231&#34; - /root/eco-gotests/tests/ocp/sriov/tests/basic.go:210 @ 11/20/25 16:42:59.969&#xA;&lt; Exit [DeferCleanup (Each)] SR-IOV Basic Tests - /root/eco-gotests/tests/ocp/sriov/tests/basic.go:209 @ 11/20/25 16:43:01.983 (2.014s)&#xA;&gt; Enter [DeferCleanup (Each)] SR-IOV Basic Tests - /root/eco-gotests/tests/ocp/sriov/tests/basic.go:190 @ 11/20/25 16:43:01.983&#xA;STEP: Cleaning up namespace &#34;e2e-70820-cx5ex231&#34; - /root/eco-gotests/tests/ocp/sriov/tests/basic.go:191 @ 11/20/25 16:43:01.983&#xA;&lt; Exit [DeferCleanup (Each)] SR-IOV Basic Tests - /root/eco-gotests/tests/ocp/sriov/tests/basic.go:190 @ 11/20/25 16:43:07.99 (6.007s)&#xA;&gt; Enter [DeferCleanup (Each)] SR-IOV Basic Tests - /root/eco-gotests/tests/ocp/sriov/tests/basic.go:209 @ 11/20/25 16:43:07.99&#xA;STEP: Cleaning up SR-IOV network &#34;70820-e810xxv231&#34; - /root/eco-gotests/tests/ocp/sriov/tests/basic.go:210 @ 11/20/25 16:43:07.991&#xA;&lt; Exit [DeferCleanup (Each)] SR-IOV Basic Tests - /root/eco-gotests/tests/ocp/sriov/tests/basic.go:209 @ 11/20/25 16:43:10.005 (2.014s)&#xA;&gt; Enter [DeferCleanup (Each)] SR-IOV Basic Tests - /root/eco-gotests/tests/ocp/sriov/tests/basic.go:190 @ 11/20/25 16:43:10.005&#xA;STEP: Cleaning up namespace &#34;e2e-70820-e810xxv231&#34; - /root/eco-gotests/tests/ocp/sriov/tests/basic.go:191 @ 11/20/25 16:43:10.005&#xA;&lt; Exit [DeferCleanup (Each)] SR-IOV Basic Tests - /root/eco-gotests/tests/ocp/sriov/tests/basic.go:190 @ 11/20/25 16:43:16.013 (6.008s)&#xA;</system-err>
          </testcase>
          <testcase name="[It] SR-IOV Basic Tests SR-IOV VF with trust disabled [ocpsriov, basic, 25960, test_id:25960]" classname="OCP SR-IOV Suite" status="passed" time="222.861165834">
              <system-err>&gt; Enter [It] SR-IOV VF with trust disabled - /root/eco-gotests/tests/ocp/sriov/tests/basic.go:229 @ 11/20/25 16:43:16.013&#xA;STEP: Testing device: e810xxv231 (DeviceID: 159b, Interface: eno12399) - /root/eco-gotests/tests/ocp/sriov/tests/basic.go:235 @ 11/20/25 16:43:16.013&#xA;STEP: Creating test namespace &#34;e2e-25960-e810xxv231&#34; - /root/eco-gotests/tests/ocp/sriov/tests/basic.go:249 @ 11/20/25 16:43:46.063&#xA;STEP: Creating SR-IOV network with trust disabled - /root/eco-gotests/tests/ocp/sriov/tests/basic.go:267 @ 11/20/25 16:43:46.072&#xA;STEP: Verifying VF status with pass traffic - /root/eco-gotests/tests/ocp/sriov/tests/basic.go:286 @ 11/20/25 16:43:49.092&#xA;STEP: Testing device: cx5ex231 (DeviceID: 1019, Interface: ens6f0np0) - /root/eco-gotests/tests/ocp/sriov/tests/basic.go:235 @ 11/20/25 16:45:01.426&#xA;STEP: Creating test namespace &#34;e2e-25960-cx5ex231&#34; - /root/eco-gotests/tests/ocp/sriov/tests/basic.go:249 @ 11/20/25 16:45:31.472&#xA;STEP: Creating SR-IOV network with trust disabled - /root/eco-gotests/tests/ocp/sriov/tests/basic.go:267 @ 11/20/25 16:45:31.49&#xA;STEP: Verifying VF status with pass traffic - /root/eco-gotests/tests/ocp/sriov/tests/basic.go:286 @ 11/20/25 16:45:34.514&#xA;&lt; Exit [It] SR-IOV VF with trust disabled - /root/eco-gotests/tests/ocp/sriov/tests/basic.go:229 @ 11/20/25 16:46:42.832 (3m26.819s)&#xA;&gt; Enter [JustAfterEach] TOP-LEVEL - /root/eco-gotests/tests/ocp/sriov/sriov_suite_test.go:66 @ 11/20/25 16:46:42.832&#xA;&lt; Exit [JustAfterEach] TOP-LEVEL - /root/eco-gotests/tests/ocp/sriov/sriov_suite_test.go:66 @ 11/20/25 16:46:42.833 (0s)&#xA;&gt; Enter [DeferCleanup (Each)] SR-IOV Basic Tests - /root/eco-gotests/tests/ocp/sriov/tests/basic.go:280 @ 11/20/25 16:46:42.833&#xA;STEP: Cleaning up SR-IOV network &#34;25960-cx5ex231&#34; - /root/eco-gotests/tests/ocp/sriov/tests/basic.go:281 @ 11/20/25 16:46:42.833&#xA;&lt; Exit [DeferCleanup (Each)] SR-IOV Basic Tests - /root/eco-gotests/tests/ocp/sriov/tests/basic.go:280 @ 11/20/25 16:46:44.846 (2.014s)&#xA;&gt; Enter [DeferCleanup (Each)] SR-IOV Basic Tests - /root/eco-gotests/tests/ocp/sriov/tests/basic.go:261 @ 11/20/25 16:46:44.846&#xA;STEP: Cleaning up namespace &#34;e2e-25960-cx5ex231&#34; - /root/eco-gotests/tests/ocp/sriov/tests/basic.go:262 @ 11/20/25 16:46:44.846&#xA;&lt; Exit [DeferCleanup (Each)] SR-IOV Basic Tests - /root/eco-gotests/tests/ocp/sriov/tests/basic.go:261 @ 11/20/25 16:46:50.854 (6.007s)&#xA;&gt; Enter [DeferCleanup (Each)] SR-IOV Basic Tests - /root/eco-gotests/tests/ocp/sriov/tests/basic.go:280 @ 11/20/25 16:46:50.854&#xA;STEP: Cleaning up SR-IOV network &#34;25960-e810xxv231&#34; - /root/eco-gotests/tests/ocp/sriov/tests/basic.go:281 @ 11/20/25 16:46:50.854&#xA;&lt; Exit [DeferCleanup (Each)] SR-IOV Basic Tests - /root/eco-gotests/tests/ocp/sriov/tests/basic.go:280 @ 11/20/25 16:46:52.868 (2.014s)&#xA;&gt; Enter [DeferCleanup (Each)] SR-IOV Basic Tests - /root/eco-gotests/tests/ocp/sriov/tests/basic.go:261 @ 11/20/25 16:46:52.868&#xA;STEP: Cleaning up namespace &#34;e2e-25960-e810xxv231&#34; - /root/eco-gotests/tests/ocp/sriov/tests/basic.go:262 @ 11/20/25 16:46:52.868&#xA;&lt; Exit [DeferCleanup (Each)] SR-IOV Basic Tests - /root/eco-gotests/tests/ocp/sriov/tests/basic.go:261 @ 11/20/25 16:46:58.874 (6.007s)&#xA;</system-err>
          </testcase>
          <testcase name="[It] SR-IOV Basic Tests SR-IOV VF with trust enabled [ocpsriov, basic, 70821, test_id:70821]" classname="OCP SR-IOV Suite" status="passed" time="219.825295172">
              <system-err>&gt; Enter [It] SR-IOV VF with trust enabled - /root/eco-gotests/tests/ocp/sriov/tests/basic.go:300 @ 11/20/25 16:46:58.874&#xA;STEP: Testing device: e810xxv231 (DeviceID: 159b, Interface: eno12399) - /root/eco-gotests/tests/ocp/sriov/tests/basic.go:306 @ 11/20/25 16:46:58.874&#xA;STEP: Creating test namespace &#34;e2e-70821-e810xxv231&#34; - /root/eco-gotests/tests/ocp/sriov/tests/basic.go:320 @ 11/20/25 16:47:28.92&#xA;STEP: Creating SR-IOV network with trust enabled - /root/eco-gotests/tests/ocp/sriov/tests/basic.go:338 @ 11/20/25 16:47:28.932&#xA;STEP: Verifying VF status with pass traffic - /root/eco-gotests/tests/ocp/sriov/tests/basic.go:357 @ 11/20/25 16:47:31.964&#xA;STEP: Testing device: cx5ex231 (DeviceID: 1019, Interface: ens6f0np0) - /root/eco-gotests/tests/ocp/sriov/tests/basic.go:306 @ 11/20/25 16:48:44.274&#xA;STEP: Creating test namespace &#34;e2e-70821-cx5ex231&#34; - /root/eco-gotests/tests/ocp/sriov/tests/basic.go:320 @ 11/20/25 16:49:14.319&#xA;STEP: Creating SR-IOV network with trust enabled - /root/eco-gotests/tests/ocp/sriov/tests/basic.go:338 @ 11/20/25 16:49:14.326&#xA;STEP: Verifying VF status with pass traffic - /root/eco-gotests/tests/ocp/sriov/tests/basic.go:357 @ 11/20/25 16:49:17.359&#xA;&lt; Exit [It] SR-IOV VF with trust enabled - /root/eco-gotests/tests/ocp/sriov/tests/basic.go:300 @ 11/20/25 16:50:22.657 (3m23.783s)&#xA;&gt; Enter [JustAfterEach] TOP-LEVEL - /root/eco-gotests/tests/ocp/sriov/sriov_suite_test.go:66 @ 11/20/25 16:50:22.658&#xA;&lt; Exit [JustAfterEach] TOP-LEVEL - /root/eco-gotests/tests/ocp/sriov/sriov_suite_test.go:66 @ 11/20/25 16:50:22.658 (0s)&#xA;&gt; Enter [DeferCleanup (Each)] SR-IOV Basic Tests - /root/eco-gotests/tests/ocp/sriov/tests/basic.go:351 @ 11/20/25 16:50:22.658&#xA;STEP: Cleaning up SR-IOV network &#34;70821-cx5ex231&#34; - /root/eco-gotests/tests/ocp/sriov/tests/basic.go:352 @ 11/20/25 16:50:22.658&#xA;&lt; Exit [DeferCleanup (Each)] SR-IOV Basic Tests - /root/eco-gotests/tests/ocp/sriov/tests/basic.go:351 @ 11/20/25 16:50:24.67 (2.012s)&#xA;&gt; Enter [DeferCleanup (Each)] SR-IOV Basic Tests - /root/eco-gotests/tests/ocp/sriov/tests/basic.go:332 @ 11/20/25 16:50:24.67&#xA;STEP: Cleaning up namespace &#34;e2e-70821-cx5ex231&#34; - /root/eco-gotests/tests/ocp/sriov/tests/basic.go:333 @ 11/20/25 16:50:24.67&#xA;&lt; Exit [DeferCleanup (Each)] SR-IOV Basic Tests - /root/eco-gotests/tests/ocp/sriov/tests/basic.go:332 @ 11/20/25 16:50:30.678 (6.008s)&#xA;&gt; Enter [DeferCleanup (Each)] SR-IOV Basic Tests - /root/eco-gotests/tests/ocp/sriov/tests/basic.go:351 @ 11/20/25 16:50:30.678&#xA;STEP: Cleaning up SR-IOV network &#34;70821-e810xxv231&#34; - /root/eco-gotests/tests/ocp/sriov/tests/basic.go:352 @ 11/20/25 16:50:30.678&#xA;&lt; Exit [DeferCleanup (Each)] SR-IOV Basic Tests - /root/eco-gotests/tests/ocp/sriov/tests/basic.go:351 @ 11/20/25 16:50:32.691 (2.013s)&#xA;&gt; Enter [DeferCleanup (Each)] SR-IOV Basic Tests - /root/eco-gotests/tests/ocp/sriov/tests/basic.go:332 @ 11/20/25 16:50:32.691&#xA;STEP: Cleaning up namespace &#34;e2e-70821-e810xxv231&#34; - /root/eco-gotests/tests/ocp/sriov/tests/basic.go:333 @ 11/20/25 16:50:32.691&#xA;&lt; Exit [DeferCleanup (Each)] SR-IOV Basic Tests - /root/eco-gotests/tests/ocp/sriov/tests/basic.go:332 @ 11/20/25 16:50:38.7 (6.009s)&#xA;</system-err>
          </testcase>
          <testcase name="[It] SR-IOV Basic Tests SR-IOV VF with VLAN and rate limiting configuration [ocpsriov, basic, 25963, test_id:25963]" classname="OCP SR-IOV Suite" status="passed" time="219.843800099">
              <system-err>&gt; Enter [It] SR-IOV VF with VLAN and rate limiting configuration - /root/eco-gotests/tests/ocp/sriov/tests/basic.go:371 @ 11/20/25 16:50:38.7&#xA;STEP: Testing device: e810xxv231 (DeviceID: 159b, Interface: eno12399) - /root/eco-gotests/tests/ocp/sriov/tests/basic.go:377 @ 11/20/25 16:50:38.7&#xA;STEP: Creating test namespace &#34;e2e-25963-e810xxv231&#34; - /root/eco-gotests/tests/ocp/sriov/tests/basic.go:397 @ 11/20/25 16:51:08.744&#xA;STEP: Creating SR-IOV network with VLAN and rate limiting - /root/eco-gotests/tests/ocp/sriov/tests/basic.go:415 @ 11/20/25 16:51:08.751&#xA;STEP: Verifying VF status with pass traffic - /root/eco-gotests/tests/ocp/sriov/tests/basic.go:436 @ 11/20/25 16:51:11.769&#xA;STEP: Testing device: cx5ex231 (DeviceID: 1019, Interface: ens6f0np0) - /root/eco-gotests/tests/ocp/sriov/tests/basic.go:377 @ 11/20/25 16:52:23.09&#xA;STEP: Creating test namespace &#34;e2e-25963-cx5ex231&#34; - /root/eco-gotests/tests/ocp/sriov/tests/basic.go:397 @ 11/20/25 16:52:53.142&#xA;STEP: Creating SR-IOV network with VLAN and rate limiting - /root/eco-gotests/tests/ocp/sriov/tests/basic.go:415 @ 11/20/25 16:52:53.148&#xA;STEP: Verifying VF status with pass traffic - /root/eco-gotests/tests/ocp/sriov/tests/basic.go:436 @ 11/20/25 16:52:56.168&#xA;&lt; Exit [It] SR-IOV VF with VLAN and rate limiting configuration - /root/eco-gotests/tests/ocp/sriov/tests/basic.go:371 @ 11/20/25 16:54:02.499 (3m23.799s)&#xA;&gt; Enter [JustAfterEach] TOP-LEVEL - /root/eco-gotests/tests/ocp/sriov/sriov_suite_test.go:66 @ 11/20/25 16:54:02.499&#xA;&lt; Exit [JustAfterEach] TOP-LEVEL - /root/eco-gotests/tests/ocp/sriov/sriov_suite_test.go:66 @ 11/20/25 16:54:02.499 (0s)&#xA;&gt; Enter [DeferCleanup (Each)] SR-IOV Basic Tests - /root/eco-gotests/tests/ocp/sriov/tests/basic.go:430 @ 11/20/25 16:54:02.499&#xA;STEP: Cleaning up SR-IOV network &#34;25963-cx5ex231&#34; - /root/eco-gotests/tests/ocp/sriov/tests/basic.go:431 @ 11/20/25 16:54:02.499&#xA;&lt; Exit [DeferCleanup (Each)] SR-IOV Basic Tests - /root/eco-gotests/tests/ocp/sriov/tests/basic.go:430 @ 11/20/25 16:54:04.512 (2.013s)&#xA;&gt; Enter [DeferCleanup (Each)] SR-IOV Basic Tests - /root/eco-gotests/tests/ocp/sriov/tests/basic.go:409 @ 11/20/25 16:54:04.512&#xA;STEP: Cleaning up namespace &#34;e2e-25963-cx5ex231&#34; - /root/eco-gotests/tests/ocp/sriov/tests/basic.go:410 @ 11/20/25 16:54:04.512&#xA;&lt; Exit [DeferCleanup (Each)] SR-IOV Basic Tests - /root/eco-gotests/tests/ocp/sriov/tests/basic.go:409 @ 11/20/25 16:54:10.52 (6.009s)&#xA;&gt; Enter [DeferCleanup (Each)] SR-IOV Basic Tests - /root/eco-gotests/tests/ocp/sriov/tests/basic.go:430 @ 11/20/25 16:54:10.52&#xA;STEP: Cleaning up SR-IOV network &#34;25963-e810xxv231&#34; - /root/eco-gotests/tests/ocp/sriov/tests/basic.go:431 @ 11/20/25 16:54:10.52&#xA;&lt; Exit [DeferCleanup (Each)] SR-IOV Basic Tests - /root/eco-gotests/tests/ocp/sriov/tests/basic.go:430 @ 11/20/25 16:54:12.535 (2.015s)&#xA;&gt; Enter [DeferCleanup (Each)] SR-IOV Basic Tests - /root/eco-gotests/tests/ocp/sriov/tests/basic.go:409 @ 11/20/25 16:54:12.535&#xA;STEP: Cleaning up namespace &#34;e2e-25963-e810xxv231&#34; - /root/eco-gotests/tests/ocp/sriov/tests/basic.go:410 @ 11/20/25 16:54:12.536&#xA;&lt; Exit [DeferCleanup (Each)] SR-IOV Basic Tests - /root/eco-gotests/tests/ocp/sriov/tests/basic.go:409 @ 11/20/25 16:54:18.543 (6.008s)&#xA;</system-err>
          </testcase>
          <testcase name="[It] SR-IOV Basic Tests SR-IOV VF with auto link state [ocpsriov, basic, 25961, test_id:25961]" classname="OCP SR-IOV Suite" status="passed" time="221.867234605">
              <system-err>&gt; Enter [It] SR-IOV VF with auto link state - /root/eco-gotests/tests/ocp/sriov/tests/basic.go:450 @ 11/20/25 16:54:18.544&#xA;STEP: Testing device: e810xxv231 (DeviceID: 159b, Interface: eno12399) - /root/eco-gotests/tests/ocp/sriov/tests/basic.go:456 @ 11/20/25 16:54:18.544&#xA;STEP: Creating test namespace &#34;e2e-25961-e810xxv231&#34; - /root/eco-gotests/tests/ocp/sriov/tests/basic.go:470 @ 11/20/25 16:54:48.594&#xA;STEP: Creating SR-IOV network with auto link state - /root/eco-gotests/tests/ocp/sriov/tests/basic.go:488 @ 11/20/25 16:54:48.602&#xA;STEP: Verifying VF status with pass traffic - /root/eco-gotests/tests/ocp/sriov/tests/basic.go:506 @ 11/20/25 16:54:51.625&#xA;STEP: Testing device: cx5ex231 (DeviceID: 1019, Interface: ens6f0np0) - /root/eco-gotests/tests/ocp/sriov/tests/basic.go:456 @ 11/20/25 16:56:03.956&#xA;STEP: Creating test namespace &#34;e2e-25961-cx5ex231&#34; - /root/eco-gotests/tests/ocp/sriov/tests/basic.go:470 @ 11/20/25 16:56:34.005&#xA;STEP: Creating SR-IOV network with auto link state - /root/eco-gotests/tests/ocp/sriov/tests/basic.go:488 @ 11/20/25 16:56:34.016&#xA;STEP: Verifying VF status with pass traffic - /root/eco-gotests/tests/ocp/sriov/tests/basic.go:506 @ 11/20/25 16:56:37.036&#xA;&lt; Exit [It] SR-IOV VF with auto link state - /root/eco-gotests/tests/ocp/sriov/tests/basic.go:450 @ 11/20/25 16:57:44.362 (3m25.819s)&#xA;&gt; Enter [JustAfterEach] TOP-LEVEL - /root/eco-gotests/tests/ocp/sriov/sriov_suite_test.go:66 @ 11/20/25 16:57:44.362&#xA;&lt; Exit [JustAfterEach] TOP-LEVEL - /root/eco-gotests/tests/ocp/sriov/sriov_suite_test.go:66 @ 11/20/25 16:57:44.362 (0s)&#xA;&gt; Enter [DeferCleanup (Each)] SR-IOV Basic Tests - /root/eco-gotests/tests/ocp/sriov/tests/basic.go:500 @ 11/20/25 16:57:44.362&#xA;STEP: Cleaning up SR-IOV network &#34;25961-cx5ex231&#34; - /root/eco-gotests/tests/ocp/sriov/tests/basic.go:501 @ 11/20/25 16:57:44.362&#xA;&lt; Exit [DeferCleanup (Each)] SR-IOV Basic Tests - /root/eco-gotests/tests/ocp/sriov/tests/basic.go:500 @ 11/20/25 16:57:46.377 (2.015s)&#xA;&gt; Enter [DeferCleanup (Each)] SR-IOV Basic Tests - /root/eco-gotests/tests/ocp/sriov/tests/basic.go:482 @ 11/20/25 16:57:46.377&#xA;STEP: Cleaning up namespace &#34;e2e-25961-cx5ex231&#34; - /root/eco-gotests/tests/ocp/sriov/tests/basic.go:483 @ 11/20/25 16:57:46.377&#xA;&lt; Exit [DeferCleanup (Each)] SR-IOV Basic Tests - /root/eco-gotests/tests/ocp/sriov/tests/basic.go:482 @ 11/20/25 16:57:52.385 (6.008s)&#xA;&gt; Enter [DeferCleanup (Each)] SR-IOV Basic Tests - /root/eco-gotests/tests/ocp/sriov/tests/basic.go:500 @ 11/20/25 16:57:52.385&#xA;STEP: Cleaning up SR-IOV network &#34;25961-e810xxv231&#34; - /root/eco-gotests/tests/ocp/sriov/tests/basic.go:501 @ 11/20/25 16:57:52.385&#xA;&lt; Exit [DeferCleanup (Each)] SR-IOV Basic Tests - /root/eco-gotests/tests/ocp/sriov/tests/basic.go:500 @ 11/20/25 16:57:54.4 (2.016s)&#xA;&gt; Enter [DeferCleanup (Each)] SR-IOV Basic Tests - /root/eco-gotests/tests/ocp/sriov/tests/basic.go:482 @ 11/20/25 16:57:54.4&#xA;STEP: Cleaning up namespace &#34;e2e-25961-e810xxv231&#34; - /root/eco-gotests/tests/ocp/sriov/tests/basic.go:483 @ 11/20/25 16:57:54.4&#xA;&lt; Exit [DeferCleanup (Each)] SR-IOV Basic Tests - /root/eco-gotests/tests/ocp/sriov/tests/basic.go:482 @ 11/20/25 16:58:00.411 (6.01s)&#xA;</system-err>
          </testcase>
          <testcase name="[It] SR-IOV Basic Tests SR-IOV VF with enabled link state [ocpsriov, basic, 71006, test_id:71006]" classname="OCP SR-IOV Suite" status="passed" time="221.884766875">
              <system-err>&gt; Enter [It] SR-IOV VF with enabled link state - /root/eco-gotests/tests/ocp/sriov/tests/basic.go:520 @ 11/20/25 16:58:00.411&#xA;STEP: Testing device: e810xxv231 (DeviceID: 159b, Interface: eno12399) - /root/eco-gotests/tests/ocp/sriov/tests/basic.go:526 @ 11/20/25 16:58:00.411&#xA;STEP: Creating test namespace &#34;e2e-71006-e810xxv231&#34; - /root/eco-gotests/tests/ocp/sriov/tests/basic.go:540 @ 11/20/25 16:58:30.455&#xA;STEP: Creating SR-IOV network with enabled link state - /root/eco-gotests/tests/ocp/sriov/tests/basic.go:558 @ 11/20/25 16:58:30.462&#xA;STEP: Verifying VF status with pass traffic - /root/eco-gotests/tests/ocp/sriov/tests/basic.go:576 @ 11/20/25 16:58:33.487&#xA;STEP: Testing device: cx5ex231 (DeviceID: 1019, Interface: ens6f0np0) - /root/eco-gotests/tests/ocp/sriov/tests/basic.go:526 @ 11/20/25 16:59:45.853&#xA;STEP: Creating test namespace &#34;e2e-71006-cx5ex231&#34; - /root/eco-gotests/tests/ocp/sriov/tests/basic.go:540 @ 11/20/25 17:00:15.91&#xA;STEP: Creating SR-IOV network with enabled link state - /root/eco-gotests/tests/ocp/sriov/tests/basic.go:558 @ 11/20/25 17:00:15.919&#xA;STEP: Verifying VF status with pass traffic - /root/eco-gotests/tests/ocp/sriov/tests/basic.go:576 @ 11/20/25 17:00:18.939&#xA;&lt; Exit [It] SR-IOV VF with enabled link state - /root/eco-gotests/tests/ocp/sriov/tests/basic.go:520 @ 11/20/25 17:01:26.251 (3m25.84s)&#xA;&gt; Enter [JustAfterEach] TOP-LEVEL - /root/eco-gotests/tests/ocp/sriov/sriov_suite_test.go:66 @ 11/20/25 17:01:26.251&#xA;&lt; Exit [JustAfterEach] TOP-LEVEL - /root/eco-gotests/tests/ocp/sriov/sriov_suite_test.go:66 @ 11/20/25 17:01:26.251 (0s)&#xA;&gt; Enter [DeferCleanup (Each)] SR-IOV Basic Tests - /root/eco-gotests/tests/ocp/sriov/tests/basic.go:570 @ 11/20/25 17:01:26.251&#xA;STEP: Cleaning up SR-IOV network &#34;71006-cx5ex231&#34; - /root/eco-gotests/tests/ocp/sriov/tests/basic.go:571 @ 11/20/25 17:01:26.251&#xA;&lt; Exit [DeferCleanup (Each)] SR-IOV Basic Tests - /root/eco-gotests/tests/ocp/sriov/tests/basic.go:570 @ 11/20/25 17:01:28.266 (2.015s)&#xA;&gt; Enter [DeferCleanup (Each)] SR-IOV Basic Tests - /root/eco-gotests/tests/ocp/sriov/tests/basic.go:552 @ 11/20/25 17:01:28.266&#xA;STEP: Cleaning up namespace &#34;e2e-71006-cx5ex231&#34; - /root/eco-gotests/tests/ocp/sriov/tests/basic.go:553 @ 11/20/25 17:01:28.266&#xA;&lt; Exit [DeferCleanup (Each)] SR-IOV Basic Tests - /root/eco-gotests/tests/ocp/sriov/tests/basic.go:552 @ 11/20/25 17:01:34.273 (6.008s)&#xA;&gt; Enter [DeferCleanup (Each)] SR-IOV Basic Tests - /root/eco-gotests/tests/ocp/sriov/tests/basic.go:570 @ 11/20/25 17:01:34.273&#xA;STEP: Cleaning up SR-IOV network &#34;71006-e810xxv231&#34; - /root/eco-gotests/tests/ocp/sriov/tests/basic.go:571 @ 11/20/25 17:01:34.273&#xA;&lt; Exit [DeferCleanup (Each)] SR-IOV Basic Tests - /root/eco-gotests/tests/ocp/sriov/tests/basic.go:570 @ 11/20/25 17:01:36.288 (2.014s)&#xA;&gt; Enter [DeferCleanup (Each)] SR-IOV Basic Tests - /root/eco-gotests/tests/ocp/sriov/tests/basic.go:552 @ 11/20/25 17:01:36.288&#xA;STEP: Cleaning up namespace &#34;e2e-71006-e810xxv231&#34; - /root/eco-gotests/tests/ocp/sriov/tests/basic.go:553 @ 11/20/25 17:01:36.288&#xA;&lt; Exit [DeferCleanup (Each)] SR-IOV Basic Tests - /root/eco-gotests/tests/ocp/sriov/tests/basic.go:552 @ 11/20/25 17:01:42.296 (6.008s)&#xA;</system-err>
          </testcase>
          <testcase name="[It] SR-IOV Basic Tests MTU configuration for SR-IOV policy [ocpsriov, basic, 69646, test_id:69646]" classname="OCP SR-IOV Suite" status="passed" time="339.998848222">
              <system-err>&gt; Enter [It] MTU configuration for SR-IOV policy - /root/eco-gotests/tests/ocp/sriov/tests/basic.go:590 @ 11/20/25 17:01:42.296&#xA;STEP: Testing device: e810xxv231 (DeviceID: 159b, Interface: eno12399) - /root/eco-gotests/tests/ocp/sriov/tests/basic.go:596 @ 11/20/25 17:01:42.296&#xA;STEP: Updating SR-IOV policy &#34;e810xxv231&#34; with MTU 1800 - /root/eco-gotests/tests/ocp/sriov/tests/basic.go:610 @ 11/20/25 17:02:12.343&#xA;STEP: Waiting for SR-IOV policy to be ready after MTU update - /root/eco-gotests/tests/ocp/sriov/tests/basic.go:614 @ 11/20/25 17:02:12.364&#xA;STEP: Creating test namespace &#34;e2e-69646-e810xxv231&#34; - /root/eco-gotests/tests/ocp/sriov/tests/basic.go:622 @ 11/20/25 17:03:12.375&#xA;STEP: Creating SR-IOV network with MTU configuration - /root/eco-gotests/tests/ocp/sriov/tests/basic.go:640 @ 11/20/25 17:03:12.385&#xA;STEP: Verifying VF status with pass traffic - /root/eco-gotests/tests/ocp/sriov/tests/basic.go:659 @ 11/20/25 17:03:15.405&#xA;STEP: Testing device: cx5ex231 (DeviceID: 1019, Interface: ens6f0np0) - /root/eco-gotests/tests/ocp/sriov/tests/basic.go:596 @ 11/20/25 17:04:26.765&#xA;STEP: Updating SR-IOV policy &#34;cx5ex231&#34; with MTU 1800 - /root/eco-gotests/tests/ocp/sriov/tests/basic.go:610 @ 11/20/25 17:04:56.819&#xA;STEP: Waiting for SR-IOV policy to be ready after MTU update - /root/eco-gotests/tests/ocp/sriov/tests/basic.go:614 @ 11/20/25 17:04:56.837&#xA;STEP: Creating test namespace &#34;e2e-69646-cx5ex231&#34; - /root/eco-gotests/tests/ocp/sriov/tests/basic.go:622 @ 11/20/25 17:05:56.848&#xA;STEP: Creating SR-IOV network with MTU configuration - /root/eco-gotests/tests/ocp/sriov/tests/basic.go:640 @ 11/20/25 17:05:56.858&#xA;STEP: Verifying VF status with pass traffic - /root/eco-gotests/tests/ocp/sriov/tests/basic.go:659 @ 11/20/25 17:05:59.879&#xA;&lt; Exit [It] MTU configuration for SR-IOV policy - /root/eco-gotests/tests/ocp/sriov/tests/basic.go:590 @ 11/20/25 17:07:06.243 (5m23.947s)&#xA;&gt; Enter [JustAfterEach] TOP-LEVEL - /root/eco-gotests/tests/ocp/sriov/sriov_suite_test.go:66 @ 11/20/25 17:07:06.243&#xA;&lt; Exit [JustAfterEach] TOP-LEVEL - /root/eco-gotests/tests/ocp/sriov/sriov_suite_test.go:66 @ 11/20/25 17:07:06.243 (0s)&#xA;&gt; Enter [DeferCleanup (Each)] SR-IOV Basic Tests - /root/eco-gotests/tests/ocp/sriov/tests/basic.go:653 @ 11/20/25 17:07:06.243&#xA;STEP: Cleaning up SR-IOV network &#34;69646-cx5ex231&#34; - /root/eco-gotests/tests/ocp/sriov/tests/basic.go:654 @ 11/20/25 17:07:06.243&#xA;&lt; Exit [DeferCleanup (Each)] SR-IOV Basic Tests - /root/eco-gotests/tests/ocp/sriov/tests/basic.go:653 @ 11/20/25 17:07:08.259 (2.016s)&#xA;&gt; Enter [DeferCleanup (Each)] SR-IOV Basic Tests - /root/eco-gotests/tests/ocp/sriov/tests/basic.go:634 @ 11/20/25 17:07:08.259&#xA;STEP: Cleaning up namespace &#34;e2e-69646-cx5ex231&#34; - /root/eco-gotests/tests/ocp/sriov/tests/basic.go:635 @ 11/20/25 17:07:08.259&#xA;&lt; Exit [DeferCleanup (Each)] SR-IOV Basic Tests - /root/eco-gotests/tests/ocp/sriov/tests/basic.go:634 @ 11/20/25 17:07:14.27 (6.011s)&#xA;&gt; Enter [DeferCleanup (Each)] SR-IOV Basic Tests - /root/eco-gotests/tests/ocp/sriov/tests/basic.go:653 @ 11/20/25 17:07:14.27&#xA;STEP: Cleaning up SR-IOV network &#34;69646-e810xxv231&#34; - /root/eco-gotests/tests/ocp/sriov/tests/basic.go:654 @ 11/20/25 17:07:14.27&#xA;&lt; Exit [DeferCleanup (Each)] SR-IOV Basic Tests - /root/eco-gotests/tests/ocp/sriov/tests/basic.go:653 @ 11/20/25 17:07:16.287 (2.017s)&#xA;&gt; Enter [DeferCleanup (Each)] SR-IOV Basic Tests - /root/eco-gotests/tests/ocp/sriov/tests/basic.go:634 @ 11/20/25 17:07:16.287&#xA;STEP: Cleaning up namespace &#34;e2e-69646-e810xxv231&#34; - /root/eco-gotests/tests/ocp/sriov/tests/basic.go:635 @ 11/20/25 17:07:16.287&#xA;&lt; Exit [DeferCleanup (Each)] SR-IOV Basic Tests - /root/eco-gotests/tests/ocp/sriov/tests/basic.go:634 @ 11/20/25 17:07:22.294 (6.007s)&#xA;</system-err>
          </testcase>
          <testcase name="[It] SR-IOV Basic Tests DPDK SR-IOV VF functionality validation [ocpsriov, basic, 69582, test_id:69582]" classname="OCP SR-IOV Suite" status="passed" time="266.300979183">
              <system-err>&gt; Enter [It] DPDK SR-IOV VF functionality validation - /root/eco-gotests/tests/ocp/sriov/tests/basic.go:673 @ 11/20/25 17:07:22.295&#xA;STEP: Testing device: e810xxv231 (DeviceID: 159b, Interface: eno12399) - /root/eco-gotests/tests/ocp/sriov/tests/basic.go:679 @ 11/20/25 17:07:22.295&#xA;STEP: Creating test namespace &#34;e2e-69582-e810xxv231&#34; - /root/eco-gotests/tests/ocp/sriov/tests/basic.go:701 @ 11/20/25 17:08:22.345&#xA;STEP: Creating SR-IOV network for DPDK - /root/eco-gotests/tests/ocp/sriov/tests/basic.go:719 @ 11/20/25 17:08:22.36&#xA;STEP: Waiting for NetworkAttachmentDefinition to be fully ready - /root/eco-gotests/tests/ocp/sriov/tests/basic.go:737 @ 11/20/25 17:08:25.382&#xA;STEP: Creating DPDK test pod - /root/eco-gotests/tests/ocp/sriov/tests/basic.go:744 @ 11/20/25 17:08:25.383&#xA;STEP: Waiting for DPDK test pod to be ready - /root/eco-gotests/tests/ocp/sriov/tests/basic.go:755 @ 11/20/25 17:08:25.401&#xA;STEP: Verifying PCI address is assigned to DPDK pod - /root/eco-gotests/tests/ocp/sriov/tests/basic.go:760 @ 11/20/25 17:08:27.407&#xA;STEP: Verifying DPDK VF is available in pod - /root/eco-gotests/tests/ocp/sriov/tests/basic.go:766 @ 11/20/25 17:08:27.411&#xA;STEP: Testing device: cx5ex231 (DeviceID: 1019, Interface: ens6f0np0) - /root/eco-gotests/tests/ocp/sriov/tests/basic.go:679 @ 11/20/25 17:08:27.413&#xA;STEP: Creating test namespace &#34;e2e-69582-cx5ex231&#34; - /root/eco-gotests/tests/ocp/sriov/tests/basic.go:701 @ 11/20/25 17:09:57.456&#xA;STEP: Creating SR-IOV network for DPDK - /root/eco-gotests/tests/ocp/sriov/tests/basic.go:719 @ 11/20/25 17:09:57.464&#xA;STEP: Waiting for NetworkAttachmentDefinition to be fully ready - /root/eco-gotests/tests/ocp/sriov/tests/basic.go:737 @ 11/20/25 17:10:00.487&#xA;STEP: Creating DPDK test pod - /root/eco-gotests/tests/ocp/sriov/tests/basic.go:744 @ 11/20/25 17:10:00.488&#xA;STEP: Waiting for DPDK test pod to be ready - /root/eco-gotests/tests/ocp/sriov/tests/basic.go:755 @ 11/20/25 17:10:00.506&#xA;STEP: Verifying PCI address is assigned to DPDK pod - /root/eco-gotests/tests/ocp/sriov/tests/basic.go:760 @ 11/20/25 17:10:02.511&#xA;STEP: Verifying DPDK VF is available in pod - /root/eco-gotests/tests/ocp/sriov/tests/basic.go:766 @ 11/20/25 17:10:02.515&#xA;&lt; Exit [It] DPDK SR-IOV VF functionality validation - /root/eco-gotests/tests/ocp/sriov/tests/basic.go:673 @ 11/20/25 17:10:02.516 (2m40.222s)&#xA;&gt; Enter [JustAfterEach] TOP-LEVEL - /root/eco-gotests/tests/ocp/sriov/sriov_suite_test.go:66 @ 11/20/25 17:10:02.516&#xA;&lt; Exit [JustAfterEach] TOP-LEVEL - /root/eco-gotests/tests/ocp/sriov/sriov_suite_test.go:66 @ 11/20/25 17:10:02.516 (0s)&#xA;&gt; Enter [AfterAll] SR-IOV Basic Tests - /root/eco-gotests/tests/ocp/sriov/tests/basic.go:66 @ 11/20/25 17:10:02.516&#xA;STEP: Cleaning up SR-IOV policies after all tests - /root/eco-gotests/tests/ocp/sriov/tests/basic.go:67 @ 11/20/25 17:10:02.516&#xA;STEP: Waiting for SR-IOV policies to be ready after cleanup - /root/eco-gotests/tests/ocp/sriov/tests/basic.go:76 @ 11/20/25 17:10:02.531&#xA;&lt; Exit [AfterAll] SR-IOV Basic Tests - /root/eco-gotests/tests/ocp/sriov/tests/basic.go:66 @ 11/20/25 17:11:32.543 (1m30.027s)&#xA;&gt; Enter [DeferCleanup (Each)] SR-IOV Basic Tests - /root/eco-gotests/tests/ocp/sriov/tests/basic.go:748 @ 11/20/25 17:11:32.543&#xA;STEP: Cleaning up DPDK test pod - /root/eco-gotests/tests/ocp/sriov/tests/basic.go:749 @ 11/20/25 17:11:32.544&#xA;&lt; Exit [DeferCleanup (Each)] SR-IOV Basic Tests - /root/eco-gotests/tests/ocp/sriov/tests/basic.go:748 @ 11/20/25 17:11:32.544 (0s)&#xA;&gt; Enter [DeferCleanup (Each)] SR-IOV Basic Tests - /root/eco-gotests/tests/ocp/sriov/tests/basic.go:730 @ 11/20/25 17:11:32.544&#xA;STEP: Cleaning up SR-IOV network &#34;cx5ex231dpdknet&#34; - /root/eco-gotests/tests/ocp/sriov/tests/basic.go:731 @ 11/20/25 17:11:32.544&#xA;&lt; Exit [DeferCleanup (Each)] SR-IOV Basic Tests - /root/eco-gotests/tests/ocp/sriov/tests/basic.go:730 @ 11/20/25 17:11:34.559 (2.015s)&#xA;&gt; Enter [DeferCleanup (Each)] SR-IOV Basic Tests - /root/eco-gotests/tests/ocp/sriov/tests/basic.go:713 @ 11/20/25 17:11:34.559&#xA;STEP: Cleaning up namespace &#34;e2e-69582-cx5ex231&#34; - /root/eco-gotests/tests/ocp/sriov/tests/basic.go:714 @ 11/20/25 17:11:34.559&#xA;&lt; Exit [DeferCleanup (Each)] SR-IOV Basic Tests - /root/eco-gotests/tests/ocp/sriov/tests/basic.go:713 @ 11/20/25 17:11:40.57 (6.011s)&#xA;&gt; Enter [DeferCleanup (Each)] SR-IOV Basic Tests - /root/eco-gotests/tests/ocp/sriov/tests/basic.go:748 @ 11/20/25 17:11:40.57&#xA;STEP: Cleaning up DPDK test pod - /root/eco-gotests/tests/ocp/sriov/tests/basic.go:749 @ 11/20/25 17:11:40.57&#xA;&lt; Exit [DeferCleanup (Each)] SR-IOV Basic Tests - /root/eco-gotests/tests/ocp/sriov/tests/basic.go:748 @ 11/20/25 17:11:40.57 (0s)&#xA;&gt; Enter [DeferCleanup (Each)] SR-IOV Basic Tests - /root/eco-gotests/tests/ocp/sriov/tests/basic.go:730 @ 11/20/25 17:11:40.57&#xA;STEP: Cleaning up SR-IOV network &#34;e810xxv231dpdknet&#34; - /root/eco-gotests/tests/ocp/sriov/tests/basic.go:731 @ 11/20/25 17:11:40.57&#xA;&lt; Exit [DeferCleanup (Each)] SR-IOV Basic Tests - /root/eco-gotests/tests/ocp/sriov/tests/basic.go:730 @ 11/20/25 17:11:42.586 (2.016s)&#xA;&gt; Enter [DeferCleanup (Each)] SR-IOV Basic Tests - /root/eco-gotests/tests/ocp/sriov/tests/basic.go:713 @ 11/20/25 17:11:42.586&#xA;STEP: Cleaning up namespace &#34;e2e-69582-e810xxv231&#34; - /root/eco-gotests/tests/ocp/sriov/tests/basic.go:714 @ 11/20/25 17:11:42.586&#xA;&lt; Exit [DeferCleanup (Each)] SR-IOV Basic Tests - /root/eco-gotests/tests/ocp/sriov/tests/basic.go:713 @ 11/20/25 17:11:48.596 (6.01s)&#xA;</system-err>
          </testcase>
          <testcase name="[It] SRIOV Operator re-installation Verify SR-IOV operator control plane is operational before removal [ocpsriov]" classname="OCP SR-IOV Suite" status="passed" time="4.34e-05">
              <system-err>&gt; Enter [It] Verify SR-IOV operator control plane is operational before removal - /root/eco-gotests/tests/ocp/sriov/tests/reinstallation.go:10 @ 11/20/25 17:11:48.596&#xA;&lt; Exit [It] Verify SR-IOV operator control plane is operational before removal - /root/eco-gotests/tests/ocp/sriov/tests/reinstallation.go:10 @ 11/20/25 17:11:48.596 (0s)&#xA;&gt; Enter [JustAfterEach] TOP-LEVEL - /root/eco-gotests/tests/ocp/sriov/sriov_suite_test.go:66 @ 11/20/25 17:11:48.596&#xA;&lt; Exit [JustAfterEach] TOP-LEVEL - /root/eco-gotests/tests/ocp/sriov/sriov_suite_test.go:66 @ 11/20/25 17:11:48.596 (0s)&#xA;</system-err>
          </testcase>
          <testcase name="[AfterSuite]" classname="OCP SR-IOV Suite" status="passed" time="6.008683396">
              <system-err>&gt; Enter [AfterSuite] TOP-LEVEL - /root/eco-gotests/tests/ocp/sriov/sriov_suite_test.go:58 @ 11/20/25 17:11:48.596&#xA;STEP: Deleting test namespace - /root/eco-gotests/tests/ocp/sriov/sriov_suite_test.go:59 @ 11/20/25 17:11:48.596&#xA;&lt; Exit [AfterSuite] TOP-LEVEL - /root/eco-gotests/tests/ocp/sriov/sriov_suite_test.go:58 @ 11/20/25 17:11:54.604 (6.009s)&#xA;</system-err>
          </testcase>
          <testcase name="[ReportAfterSuite]" classname="OCP SR-IOV Suite" status="passed" time="3.6399e-05">
              <system-err>&gt; Enter [ReportAfterSuite] TOP-LEVEL - /root/eco-gotests/tests/ocp/sriov/sriov_suite_test.go:74 @ 11/20/25 17:11:54.604&#xA;&lt; Exit [ReportAfterSuite] TOP-LEVEL - /root/eco-gotests/tests/ocp/sriov/sriov_suite_test.go:74 @ 11/20/25 17:11:54.604 (0s)&#xA;</system-err>
          </testcase>
      </testsuite>
  </testsuites>